<?xml version="1.0"?>
<!DOCTYPE coverage SYSTEM "http://cobertura.sourceforge.net/xml/coverage-04.dtd">

<coverage line-rate="0.7007147798017063" branch-rate="0.6832425068119891" lines-covered="3039" lines-valid="4337" branches-covered="1003" branches-valid="1468" complexity="2.505361930294906" version="2.0.3" timestamp="1389649564212">
	<sources>
		<source>src</source>
	</sources>
	<packages>
		<package name="Client" line-rate="0.5600835945663531" branch-rate="0.5642317380352645" complexity="3.925">
			<classes>
				<class name="Client.ClientController" filename="Client/ClientController.java" line-rate="0.7910447761194029" branch-rate="0.5" complexity="1.471698113207547">
					<methods>
						<method name="&lt;init&gt;" signature="(LClient/ClientModel;)V" line-rate="0.9814814814814815" branch-rate="0.5">
							<lines>
								<line number="81" hits="2" branch="false"/>
								<line number="82" hits="2" branch="true" condition-coverage="50% (1/2)">
									<conditions>
										<condition number="0" type="jump" coverage="50%"/>
									</conditions>
								</line>
								<line number="83" hits="0" branch="false"/>
								<line number="86" hits="2" branch="false"/>
								<line number="87" hits="2" branch="false"/>
								<line number="89" hits="2" branch="false"/>
								<line number="90" hits="2" branch="false"/>
								<line number="91" hits="2" branch="false"/>
								<line number="92" hits="2" branch="false"/>
								<line number="93" hits="2" branch="false"/>
								<line number="95" hits="2" branch="false"/>
								<line number="96" hits="2" branch="false"/>
								<line number="97" hits="2" branch="false"/>
								<line number="98" hits="2" branch="false"/>
								<line number="99" hits="2" branch="false"/>
								<line number="100" hits="2" branch="false"/>
								<line number="101" hits="2" branch="false"/>
								<line number="103" hits="2" branch="false"/>
								<line number="104" hits="2" branch="false"/>
								<line number="105" hits="2" branch="false"/>
								<line number="106" hits="2" branch="false"/>
								<line number="108" hits="2" branch="false"/>
								<line number="109" hits="2" branch="false"/>
								<line number="110" hits="2" branch="false"/>
								<line number="112" hits="2" branch="false"/>
								<line number="113" hits="2" branch="false"/>
								<line number="114" hits="2" branch="false"/>
								<line number="115" hits="2" branch="false"/>
								<line number="117" hits="2" branch="false"/>
								<line number="118" hits="2" branch="false"/>
								<line number="119" hits="2" branch="false"/>
								<line number="120" hits="2" branch="false"/>
								<line number="121" hits="2" branch="false"/>
								<line number="122" hits="2" branch="false"/>
								<line number="123" hits="2" branch="false"/>
								<line number="125" hits="2" branch="false"/>
								<line number="126" hits="2" branch="false"/>
								<line number="127" hits="2" branch="false"/>
								<line number="128" hits="2" branch="false"/>
								<line number="129" hits="2" branch="false"/>
								<line number="131" hits="2" branch="false"/>
								<line number="132" hits="2" branch="false"/>
								<line number="133" hits="2" branch="false"/>
								<line number="135" hits="2" branch="false"/>
								<line number="136" hits="2" branch="false"/>
								<line number="137" hits="2" branch="false"/>
								<line number="139" hits="2" branch="false"/>
								<line number="140" hits="2" branch="false"/>
								<line number="141" hits="2" branch="false"/>
								<line number="143" hits="2" branch="false"/>
								<line number="144" hits="2" branch="false"/>
								<line number="145" hits="2" branch="false"/>
								<line number="146" hits="2" branch="false"/>
								<line number="147" hits="2" branch="false"/>
							</lines>
						</method>
						<method name="access$0" signature="(LClient/ClientController;)LClient/ClientModel;" line-rate="0.0" branch-rate="1.0">
							<lines>
								<line number="43" hits="0" branch="false"/>
							</lines>
						</method>
						<method name="access$1" signature="(LClient/ClientController;LClient/View/Language;)V" line-rate="1.0" branch-rate="1.0">
							<lines>
							</lines>
						</method>
						<method name="access$10" signature="(LClient/ClientController;)LClient/View/Warning;" line-rate="0.0" branch-rate="1.0">
							<lines>
								<line number="79" hits="0" branch="false"/>
							</lines>
						</method>
						<method name="access$11" signature="(LClient/ClientController;)LClient/View/InputNumber;" line-rate="0.0" branch-rate="1.0">
							<lines>
								<line number="52" hits="0" branch="false"/>
							</lines>
						</method>
						<method name="access$12" signature="(LClient/ClientController;)LClient/View/ChooseItem;" line-rate="0.0" branch-rate="1.0">
							<lines>
								<line number="55" hits="0" branch="false"/>
							</lines>
						</method>
						<method name="access$13" signature="(LClient/ClientController;)LClient/View/ChooseCards;" line-rate="0.0" branch-rate="1.0">
							<lines>
								<line number="46" hits="0" branch="false"/>
							</lines>
						</method>
						<method name="access$2" signature="(LClient/ClientController;)LClient/View/Language;" line-rate="0.0" branch-rate="1.0">
							<lines>
								<line number="76" hits="0" branch="false"/>
							</lines>
						</method>
						<method name="access$3" signature="(LClient/ClientController;)LClient/View/Login;" line-rate="0.0" branch-rate="1.0">
							<lines>
								<line number="61" hits="0" branch="false"/>
							</lines>
						</method>
						<method name="access$4" signature="(LClient/ClientController;)LClient/View/Lobby;" line-rate="0.0" branch-rate="1.0">
							<lines>
								<line number="58" hits="0" branch="false"/>
							</lines>
						</method>
						<method name="access$5" signature="(LClient/ClientController;)LClient/View/Password;" line-rate="0.0" branch-rate="1.0">
							<lines>
								<line number="73" hits="0" branch="false"/>
							</lines>
						</method>
						<method name="access$6" signature="(LClient/ClientController;)LClient/View/CreateGame;" line-rate="0.0" branch-rate="1.0">
							<lines>
								<line number="64" hits="0" branch="false"/>
							</lines>
						</method>
						<method name="access$7" signature="(LClient/ClientController;)LClient/View/GameLobby;" line-rate="0.0" branch-rate="1.0">
							<lines>
								<line number="67" hits="0" branch="false"/>
							</lines>
						</method>
						<method name="access$8" signature="(LClient/ClientController;)LClient/View/Game;" line-rate="0.0" branch-rate="1.0">
							<lines>
								<line number="70" hits="0" branch="false"/>
							</lines>
						</method>
						<method name="access$9" signature="(LClient/ClientController;)LClient/View/ScoreWindow;" line-rate="0.0" branch-rate="1.0">
							<lines>
								<line number="49" hits="0" branch="false"/>
							</lines>
						</method>
					</methods>
					<lines>
						<line number="43" hits="0" branch="false"/>
						<line number="46" hits="0" branch="false"/>
						<line number="49" hits="0" branch="false"/>
						<line number="52" hits="0" branch="false"/>
						<line number="55" hits="0" branch="false"/>
						<line number="58" hits="0" branch="false"/>
						<line number="61" hits="0" branch="false"/>
						<line number="64" hits="0" branch="false"/>
						<line number="67" hits="0" branch="false"/>
						<line number="70" hits="0" branch="false"/>
						<line number="73" hits="0" branch="false"/>
						<line number="76" hits="0" branch="false"/>
						<line number="79" hits="0" branch="false"/>
						<line number="81" hits="2" branch="false"/>
						<line number="82" hits="2" branch="true" condition-coverage="50% (1/2)">
							<conditions>
								<condition number="0" type="jump" coverage="50%"/>
							</conditions>
						</line>
						<line number="83" hits="0" branch="false"/>
						<line number="86" hits="2" branch="false"/>
						<line number="87" hits="2" branch="false"/>
						<line number="89" hits="2" branch="false"/>
						<line number="90" hits="2" branch="false"/>
						<line number="91" hits="2" branch="false"/>
						<line number="92" hits="2" branch="false"/>
						<line number="93" hits="2" branch="false"/>
						<line number="95" hits="2" branch="false"/>
						<line number="96" hits="2" branch="false"/>
						<line number="97" hits="2" branch="false"/>
						<line number="98" hits="2" branch="false"/>
						<line number="99" hits="2" branch="false"/>
						<line number="100" hits="2" branch="false"/>
						<line number="101" hits="2" branch="false"/>
						<line number="103" hits="2" branch="false"/>
						<line number="104" hits="2" branch="false"/>
						<line number="105" hits="2" branch="false"/>
						<line number="106" hits="2" branch="false"/>
						<line number="108" hits="2" branch="false"/>
						<line number="109" hits="2" branch="false"/>
						<line number="110" hits="2" branch="false"/>
						<line number="112" hits="2" branch="false"/>
						<line number="113" hits="2" branch="false"/>
						<line number="114" hits="2" branch="false"/>
						<line number="115" hits="2" branch="false"/>
						<line number="117" hits="2" branch="false"/>
						<line number="118" hits="2" branch="false"/>
						<line number="119" hits="2" branch="false"/>
						<line number="120" hits="2" branch="false"/>
						<line number="121" hits="2" branch="false"/>
						<line number="122" hits="2" branch="false"/>
						<line number="123" hits="2" branch="false"/>
						<line number="125" hits="2" branch="false"/>
						<line number="126" hits="2" branch="false"/>
						<line number="127" hits="2" branch="false"/>
						<line number="128" hits="2" branch="false"/>
						<line number="129" hits="2" branch="false"/>
						<line number="131" hits="2" branch="false"/>
						<line number="132" hits="2" branch="false"/>
						<line number="133" hits="2" branch="false"/>
						<line number="135" hits="2" branch="false"/>
						<line number="136" hits="2" branch="false"/>
						<line number="137" hits="2" branch="false"/>
						<line number="139" hits="2" branch="false"/>
						<line number="140" hits="2" branch="false"/>
						<line number="141" hits="2" branch="false"/>
						<line number="143" hits="2" branch="false"/>
						<line number="144" hits="2" branch="false"/>
						<line number="145" hits="2" branch="false"/>
						<line number="146" hits="2" branch="false"/>
						<line number="147" hits="2" branch="false"/>
					</lines>
				</class>
				<class name="Client.ClientController$CardMouseListener" filename="Client/ClientController.java" line-rate="0.0" branch-rate="0.0" complexity="1.471698113207547">
					<methods>
						<method name="mouseClicked" signature="(Ljava/awt/event/MouseEvent;)V" line-rate="0.0" branch-rate="1.0">
							<lines>
								<line number="502" hits="0" branch="false"/>
							</lines>
						</method>
						<method name="mouseEntered" signature="(Ljava/awt/event/MouseEvent;)V" line-rate="0.0" branch-rate="1.0">
							<lines>
								<line number="507" hits="0" branch="false"/>
							</lines>
						</method>
						<method name="mouseExited" signature="(Ljava/awt/event/MouseEvent;)V" line-rate="0.0" branch-rate="1.0">
							<lines>
								<line number="512" hits="0" branch="false"/>
							</lines>
						</method>
						<method name="mousePressed" signature="(Ljava/awt/event/MouseEvent;)V" line-rate="0.0" branch-rate="1.0">
							<lines>
								<line number="517" hits="0" branch="false"/>
							</lines>
						</method>
						<method name="mouseReleased" signature="(Ljava/awt/event/MouseEvent;)V" line-rate="0.0" branch-rate="0.0">
							<lines>
								<line number="521" hits="0" branch="false"/>
								<line number="522" hits="0" branch="true" condition-coverage="0% (0/2)">
									<conditions>
										<condition number="0" type="jump" coverage="0%"/>
									</conditions>
								</line>
								<line number="523" hits="0" branch="true" condition-coverage="0% (0/2)">
									<conditions>
										<condition number="0" type="jump" coverage="0%"/>
									</conditions>
								</line>
								<line number="524" hits="0" branch="false"/>
								<line number="525" hits="0" branch="false"/>
								<line number="526" hits="0" branch="false"/>
								<line number="527" hits="0" branch="false"/>
								<line number="528" hits="0" branch="false"/>
								<line number="529" hits="0" branch="false"/>
								<line number="530" hits="0" branch="false"/>
								<line number="533" hits="0" branch="false"/>
							</lines>
						</method>
					</methods>
					<lines>
						<line number="502" hits="0" branch="false"/>
						<line number="507" hits="0" branch="false"/>
						<line number="512" hits="0" branch="false"/>
						<line number="517" hits="0" branch="false"/>
						<line number="521" hits="0" branch="false"/>
						<line number="522" hits="0" branch="true" condition-coverage="0% (0/2)">
							<conditions>
								<condition number="0" type="jump" coverage="0%"/>
							</conditions>
						</line>
						<line number="523" hits="0" branch="true" condition-coverage="0% (0/2)">
							<conditions>
								<condition number="0" type="jump" coverage="0%"/>
							</conditions>
						</line>
						<line number="524" hits="0" branch="false"/>
						<line number="525" hits="0" branch="false"/>
						<line number="526" hits="0" branch="false"/>
						<line number="527" hits="0" branch="false"/>
						<line number="528" hits="0" branch="false"/>
						<line number="529" hits="0" branch="false"/>
						<line number="530" hits="0" branch="false"/>
						<line number="533" hits="0" branch="false"/>
					</lines>
				</class>
				<class name="Client.ClientController$ChatListenerGame" filename="Client/ClientController.java" line-rate="0.0" branch-rate="0.0" complexity="1.471698113207547">
					<methods>
						<method name="keyPressed" signature="(Ljava/awt/event/KeyEvent;)V" line-rate="0.0" branch-rate="0.0">
							<lines>
								<line number="447" hits="0" branch="true" condition-coverage="0% (0/2)">
									<conditions>
										<condition number="0" type="switch" coverage="0%"/>
									</conditions>
								</line>
								<line number="449" hits="0" branch="false"/>
								<line number="450" hits="0" branch="false"/>
								<line number="454" hits="0" branch="false"/>
							</lines>
						</method>
						<method name="keyReleased" signature="(Ljava/awt/event/KeyEvent;)V" line-rate="0.0" branch-rate="1.0">
							<lines>
								<line number="459" hits="0" branch="false"/>
							</lines>
						</method>
						<method name="keyTyped" signature="(Ljava/awt/event/KeyEvent;)V" line-rate="0.0" branch-rate="1.0">
							<lines>
								<line number="464" hits="0" branch="false"/>
							</lines>
						</method>
					</methods>
					<lines>
						<line number="447" hits="0" branch="true" condition-coverage="0% (0/2)">
							<conditions>
								<condition number="0" type="switch" coverage="0%"/>
							</conditions>
						</line>
						<line number="449" hits="0" branch="false"/>
						<line number="450" hits="0" branch="false"/>
						<line number="454" hits="0" branch="false"/>
						<line number="459" hits="0" branch="false"/>
						<line number="464" hits="0" branch="false"/>
					</lines>
				</class>
				<class name="Client.ClientController$ChatListenerGameLobby" filename="Client/ClientController.java" line-rate="0.0" branch-rate="0.0" complexity="1.471698113207547">
					<methods>
						<method name="keyPressed" signature="(Ljava/awt/event/KeyEvent;)V" line-rate="0.0" branch-rate="0.0">
							<lines>
								<line number="423" hits="0" branch="true" condition-coverage="0% (0/2)">
									<conditions>
										<condition number="0" type="switch" coverage="0%"/>
									</conditions>
								</line>
								<line number="425" hits="0" branch="false"/>
								<line number="426" hits="0" branch="false"/>
								<line number="430" hits="0" branch="false"/>
							</lines>
						</method>
						<method name="keyReleased" signature="(Ljava/awt/event/KeyEvent;)V" line-rate="0.0" branch-rate="1.0">
							<lines>
								<line number="435" hits="0" branch="false"/>
							</lines>
						</method>
						<method name="keyTyped" signature="(Ljava/awt/event/KeyEvent;)V" line-rate="0.0" branch-rate="1.0">
							<lines>
								<line number="440" hits="0" branch="false"/>
							</lines>
						</method>
					</methods>
					<lines>
						<line number="423" hits="0" branch="true" condition-coverage="0% (0/2)">
							<conditions>
								<condition number="0" type="switch" coverage="0%"/>
							</conditions>
						</line>
						<line number="425" hits="0" branch="false"/>
						<line number="426" hits="0" branch="false"/>
						<line number="430" hits="0" branch="false"/>
						<line number="435" hits="0" branch="false"/>
						<line number="440" hits="0" branch="false"/>
					</lines>
				</class>
				<class name="Client.ClientController$ChatListenerLobby" filename="Client/ClientController.java" line-rate="0.0" branch-rate="0.0" complexity="1.471698113207547">
					<methods>
						<method name="keyPressed" signature="(Ljava/awt/event/KeyEvent;)V" line-rate="0.0" branch-rate="0.0">
							<lines>
								<line number="399" hits="0" branch="true" condition-coverage="0% (0/2)">
									<conditions>
										<condition number="0" type="switch" coverage="0%"/>
									</conditions>
								</line>
								<line number="401" hits="0" branch="false"/>
								<line number="402" hits="0" branch="false"/>
								<line number="406" hits="0" branch="false"/>
							</lines>
						</method>
						<method name="keyReleased" signature="(Ljava/awt/event/KeyEvent;)V" line-rate="0.0" branch-rate="1.0">
							<lines>
								<line number="411" hits="0" branch="false"/>
							</lines>
						</method>
						<method name="keyTyped" signature="(Ljava/awt/event/KeyEvent;)V" line-rate="0.0" branch-rate="1.0">
							<lines>
								<line number="416" hits="0" branch="false"/>
							</lines>
						</method>
					</methods>
					<lines>
						<line number="399" hits="0" branch="true" condition-coverage="0% (0/2)">
							<conditions>
								<condition number="0" type="switch" coverage="0%"/>
							</conditions>
						</line>
						<line number="401" hits="0" branch="false"/>
						<line number="402" hits="0" branch="false"/>
						<line number="406" hits="0" branch="false"/>
						<line number="411" hits="0" branch="false"/>
						<line number="416" hits="0" branch="false"/>
					</lines>
				</class>
				<class name="Client.ClientController$ConnectButtonListener" filename="Client/ClientController.java" line-rate="0.0" branch-rate="1.0" complexity="1.471698113207547">
					<methods>
						<method name="actionPerformed" signature="(Ljava/awt/event/ActionEvent;)V" line-rate="0.0" branch-rate="1.0">
							<lines>
								<line number="284" hits="0" branch="false"/>
								<line number="285" hits="0" branch="false"/>
								<line number="288" hits="0" branch="false"/>
							</lines>
						</method>
					</methods>
					<lines>
						<line number="284" hits="0" branch="false"/>
						<line number="285" hits="0" branch="false"/>
						<line number="288" hits="0" branch="false"/>
					</lines>
				</class>
				<class name="Client.ClientController$CreateButtonListener" filename="Client/ClientController.java" line-rate="0.0" branch-rate="0.0" complexity="1.471698113207547">
					<methods>
						<method name="$SWITCH_TABLE$Client$View$Language" signature="()[I" line-rate="0.0" branch-rate="0.0">
							<lines>
								<line number="362" hits="0" branch="true" condition-coverage="0% (0/2)">
									<conditions>
										<condition number="0" type="jump" coverage="0%"/>
									</conditions>
								</line>
							</lines>
						</method>
						<method name="actionPerformed" signature="(Ljava/awt/event/ActionEvent;)V" line-rate="0.0" branch-rate="0.0">
							<lines>
								<line number="367" hits="0" branch="false"/>
								<line number="368" hits="0" branch="true" condition-coverage="0% (0/2)">
									<conditions>
										<condition number="0" type="jump" coverage="0%"/>
									</conditions>
								</line>
								<line number="369" hits="0" branch="false"/>
								<line number="370" hits="0" branch="true" condition-coverage="0% (0/4)">
									<conditions>
										<condition number="0" type="switch" coverage="0%"/>
									</conditions>
								</line>
								<line number="372" hits="0" branch="false"/>
								<line number="373" hits="0" branch="false"/>
								<line number="375" hits="0" branch="false"/>
								<line number="376" hits="0" branch="false"/>
								<line number="378" hits="0" branch="false"/>
								<line number="379" hits="0" branch="false"/>
								<line number="381" hits="0" branch="false"/>
								<line number="383" hits="0" branch="false"/>
								<line number="385" hits="0" branch="false"/>
								<line number="386" hits="0" branch="false"/>
								<line number="387" hits="0" branch="false"/>
								<line number="388" hits="0" branch="false"/>
								<line number="391" hits="0" branch="false"/>
							</lines>
						</method>
					</methods>
					<lines>
						<line number="362" hits="0" branch="true" condition-coverage="0% (0/2)">
							<conditions>
								<condition number="0" type="jump" coverage="0%"/>
							</conditions>
						</line>
						<line number="367" hits="0" branch="false"/>
						<line number="368" hits="0" branch="true" condition-coverage="0% (0/2)">
							<conditions>
								<condition number="0" type="jump" coverage="0%"/>
							</conditions>
						</line>
						<line number="369" hits="0" branch="false"/>
						<line number="370" hits="0" branch="true" condition-coverage="0% (0/4)">
							<conditions>
								<condition number="0" type="switch" coverage="0%"/>
							</conditions>
						</line>
						<line number="372" hits="0" branch="false"/>
						<line number="373" hits="0" branch="false"/>
						<line number="375" hits="0" branch="false"/>
						<line number="376" hits="0" branch="false"/>
						<line number="378" hits="0" branch="false"/>
						<line number="379" hits="0" branch="false"/>
						<line number="381" hits="0" branch="false"/>
						<line number="383" hits="0" branch="false"/>
						<line number="385" hits="0" branch="false"/>
						<line number="386" hits="0" branch="false"/>
						<line number="387" hits="0" branch="false"/>
						<line number="388" hits="0" branch="false"/>
						<line number="391" hits="0" branch="false"/>
					</lines>
				</class>
				<class name="Client.ClientController$GameCloseListener" filename="Client/ClientController.java" line-rate="0.0" branch-rate="1.0" complexity="1.471698113207547">
					<methods>
						<method name="windowActivated" signature="(Ljava/awt/event/WindowEvent;)V" line-rate="0.0" branch-rate="1.0">
							<lines>
								<line number="230" hits="0" branch="false"/>
							</lines>
						</method>
						<method name="windowClosed" signature="(Ljava/awt/event/WindowEvent;)V" line-rate="0.0" branch-rate="1.0">
							<lines>
								<line number="235" hits="0" branch="false"/>
							</lines>
						</method>
						<method name="windowClosing" signature="(Ljava/awt/event/WindowEvent;)V" line-rate="0.0" branch-rate="1.0">
							<lines>
								<line number="239" hits="0" branch="false"/>
								<line number="240" hits="0" branch="false"/>
							</lines>
						</method>
						<method name="windowDeactivated" signature="(Ljava/awt/event/WindowEvent;)V" line-rate="0.0" branch-rate="1.0">
							<lines>
								<line number="245" hits="0" branch="false"/>
							</lines>
						</method>
						<method name="windowDeiconified" signature="(Ljava/awt/event/WindowEvent;)V" line-rate="0.0" branch-rate="1.0">
							<lines>
								<line number="250" hits="0" branch="false"/>
							</lines>
						</method>
						<method name="windowIconified" signature="(Ljava/awt/event/WindowEvent;)V" line-rate="0.0" branch-rate="1.0">
							<lines>
								<line number="255" hits="0" branch="false"/>
							</lines>
						</method>
						<method name="windowOpened" signature="(Ljava/awt/event/WindowEvent;)V" line-rate="0.0" branch-rate="1.0">
							<lines>
								<line number="260" hits="0" branch="false"/>
							</lines>
						</method>
					</methods>
					<lines>
						<line number="230" hits="0" branch="false"/>
						<line number="235" hits="0" branch="false"/>
						<line number="239" hits="0" branch="false"/>
						<line number="240" hits="0" branch="false"/>
						<line number="245" hits="0" branch="false"/>
						<line number="250" hits="0" branch="false"/>
						<line number="255" hits="0" branch="false"/>
						<line number="260" hits="0" branch="false"/>
					</lines>
				</class>
				<class name="Client.ClientController$GameLobbyCloseListener" filename="Client/ClientController.java" line-rate="0.125" branch-rate="1.0" complexity="1.471698113207547">
					<methods>
						<method name="windowActivated" signature="(Ljava/awt/event/WindowEvent;)V" line-rate="0.0" branch-rate="1.0">
							<lines>
								<line number="192" hits="0" branch="false"/>
							</lines>
						</method>
						<method name="windowClosed" signature="(Ljava/awt/event/WindowEvent;)V" line-rate="0.0" branch-rate="1.0">
							<lines>
								<line number="197" hits="0" branch="false"/>
							</lines>
						</method>
						<method name="windowClosing" signature="(Ljava/awt/event/WindowEvent;)V" line-rate="0.0" branch-rate="1.0">
							<lines>
								<line number="201" hits="0" branch="false"/>
								<line number="202" hits="0" branch="false"/>
							</lines>
						</method>
						<method name="windowDeactivated" signature="(Ljava/awt/event/WindowEvent;)V" line-rate="0.0" branch-rate="1.0">
							<lines>
								<line number="207" hits="0" branch="false"/>
							</lines>
						</method>
						<method name="windowDeiconified" signature="(Ljava/awt/event/WindowEvent;)V" line-rate="0.0" branch-rate="1.0">
							<lines>
								<line number="212" hits="0" branch="false"/>
							</lines>
						</method>
						<method name="windowIconified" signature="(Ljava/awt/event/WindowEvent;)V" line-rate="0.0" branch-rate="1.0">
							<lines>
								<line number="217" hits="0" branch="false"/>
							</lines>
						</method>
						<method name="windowOpened" signature="(Ljava/awt/event/WindowEvent;)V" line-rate="1.0" branch-rate="1.0">
							<lines>
								<line number="222" hits="1" branch="false"/>
							</lines>
						</method>
					</methods>
					<lines>
						<line number="192" hits="0" branch="false"/>
						<line number="197" hits="0" branch="false"/>
						<line number="201" hits="0" branch="false"/>
						<line number="202" hits="0" branch="false"/>
						<line number="207" hits="0" branch="false"/>
						<line number="212" hits="0" branch="false"/>
						<line number="217" hits="0" branch="false"/>
						<line number="222" hits="1" branch="false"/>
					</lines>
				</class>
				<class name="Client.ClientController$HostButtonListener" filename="Client/ClientController.java" line-rate="0.0" branch-rate="1.0" complexity="1.471698113207547">
					<methods>
						<method name="actionPerformed" signature="(Ljava/awt/event/ActionEvent;)V" line-rate="0.0" branch-rate="1.0">
							<lines>
								<line number="347" hits="0" branch="false"/>
								<line number="348" hits="0" branch="false"/>
							</lines>
						</method>
					</methods>
					<lines>
						<line number="347" hits="0" branch="false"/>
						<line number="348" hits="0" branch="false"/>
					</lines>
				</class>
				<class name="Client.ClientController$JoinButtonListenerLobby" filename="Client/ClientController.java" line-rate="0.0" branch-rate="0.0" complexity="1.471698113207547">
					<methods>
						<method name="actionPerformed" signature="(Ljava/awt/event/ActionEvent;)V" line-rate="0.0" branch-rate="0.0">
							<lines>
								<line number="296" hits="0" branch="false"/>
								<line number="297" hits="0" branch="true" condition-coverage="0% (0/2)">
									<conditions>
										<condition number="0" type="jump" coverage="0%"/>
									</conditions>
								</line>
								<line number="298" hits="0" branch="false"/>
								<line number="299" hits="0" branch="false"/>
								<line number="301" hits="0" branch="false"/>
								<line number="302" hits="0" branch="false"/>
								<line number="306" hits="0" branch="false"/>
								<line number="309" hits="0" branch="false"/>
							</lines>
						</method>
					</methods>
					<lines>
						<line number="296" hits="0" branch="false"/>
						<line number="297" hits="0" branch="true" condition-coverage="0% (0/2)">
							<conditions>
								<condition number="0" type="jump" coverage="0%"/>
							</conditions>
						</line>
						<line number="298" hits="0" branch="false"/>
						<line number="299" hits="0" branch="false"/>
						<line number="301" hits="0" branch="false"/>
						<line number="302" hits="0" branch="false"/>
						<line number="306" hits="0" branch="false"/>
						<line number="309" hits="0" branch="false"/>
					</lines>
				</class>
				<class name="Client.ClientController$JoinButtonListenerPassword" filename="Client/ClientController.java" line-rate="0.0" branch-rate="1.0" complexity="1.471698113207547">
					<methods>
						<method name="actionPerformed" signature="(Ljava/awt/event/ActionEvent;)V" line-rate="0.0" branch-rate="1.0">
							<lines>
								<line number="317" hits="0" branch="false"/>
								<line number="318" hits="0" branch="false"/>
								<line number="320" hits="0" branch="false"/>
								<line number="323" hits="0" branch="false"/>
							</lines>
						</method>
					</methods>
					<lines>
						<line number="317" hits="0" branch="false"/>
						<line number="318" hits="0" branch="false"/>
						<line number="320" hits="0" branch="false"/>
						<line number="323" hits="0" branch="false"/>
					</lines>
				</class>
				<class name="Client.ClientController$KickPlayerButtonListener" filename="Client/ClientController.java" line-rate="0.0" branch-rate="1.0" complexity="1.471698113207547">
					<methods>
						<method name="actionPerformed" signature="(Ljava/awt/event/ActionEvent;)V" line-rate="0.0" branch-rate="1.0">
							<lines>
								<line number="489" hits="0" branch="false"/>
								<line number="490" hits="0" branch="false"/>
								<line number="493" hits="0" branch="false"/>
							</lines>
						</method>
					</methods>
					<lines>
						<line number="489" hits="0" branch="false"/>
						<line number="490" hits="0" branch="false"/>
						<line number="493" hits="0" branch="false"/>
					</lines>
				</class>
				<class name="Client.ClientController$LanguageSelectionListener" filename="Client/ClientController.java" line-rate="0.0" branch-rate="1.0" complexity="1.471698113207547">
					<methods>
						<method name="itemStateChanged" signature="(Ljava/awt/event/ItemEvent;)V" line-rate="0.0" branch-rate="1.0">
							<lines>
								<line number="267" hits="0" branch="false"/>
								<line number="268" hits="0" branch="false"/>
								<line number="269" hits="0" branch="false"/>
								<line number="270" hits="0" branch="false"/>
								<line number="271" hits="0" branch="false"/>
								<line number="272" hits="0" branch="false"/>
								<line number="273" hits="0" branch="false"/>
								<line number="274" hits="0" branch="false"/>
								<line number="275" hits="0" branch="false"/>
								<line number="276" hits="0" branch="false"/>
							</lines>
						</method>
					</methods>
					<lines>
						<line number="267" hits="0" branch="false"/>
						<line number="268" hits="0" branch="false"/>
						<line number="269" hits="0" branch="false"/>
						<line number="270" hits="0" branch="false"/>
						<line number="271" hits="0" branch="false"/>
						<line number="272" hits="0" branch="false"/>
						<line number="273" hits="0" branch="false"/>
						<line number="274" hits="0" branch="false"/>
						<line number="275" hits="0" branch="false"/>
						<line number="276" hits="0" branch="false"/>
					</lines>
				</class>
				<class name="Client.ClientController$LeaveButtonListenerGameLobby" filename="Client/ClientController.java" line-rate="0.0" branch-rate="1.0" complexity="1.471698113207547">
					<methods>
						<method name="actionPerformed" signature="(Ljava/awt/event/ActionEvent;)V" line-rate="0.0" branch-rate="1.0">
							<lines>
								<line number="471" hits="0" branch="false"/>
								<line number="472" hits="0" branch="false"/>
								<line number="473" hits="0" branch="false"/>
							</lines>
						</method>
					</methods>
					<lines>
						<line number="471" hits="0" branch="false"/>
						<line number="472" hits="0" branch="false"/>
						<line number="473" hits="0" branch="false"/>
					</lines>
				</class>
				<class name="Client.ClientController$LeaveButtonListenerLobby" filename="Client/ClientController.java" line-rate="0.0" branch-rate="1.0" complexity="1.471698113207547">
					<methods>
						<method name="actionPerformed" signature="(Ljava/awt/event/ActionEvent;)V" line-rate="0.0" branch-rate="1.0">
							<lines>
								<line number="330" hits="0" branch="false"/>
								<line number="331" hits="0" branch="false"/>
							</lines>
						</method>
					</methods>
					<lines>
						<line number="330" hits="0" branch="false"/>
						<line number="331" hits="0" branch="false"/>
					</lines>
				</class>
				<class name="Client.ClientController$LeaveButtonListenerPassword" filename="Client/ClientController.java" line-rate="0.0" branch-rate="1.0" complexity="1.471698113207547">
					<methods>
						<method name="actionPerformed" signature="(Ljava/awt/event/ActionEvent;)V" line-rate="0.0" branch-rate="1.0">
							<lines>
								<line number="338" hits="0" branch="false"/>
								<line number="339" hits="0" branch="false"/>
								<line number="340" hits="0" branch="false"/>
							</lines>
						</method>
					</methods>
					<lines>
						<line number="338" hits="0" branch="false"/>
						<line number="339" hits="0" branch="false"/>
						<line number="340" hits="0" branch="false"/>
					</lines>
				</class>
				<class name="Client.ClientController$LeaveButtonListenerScoreWindow" filename="Client/ClientController.java" line-rate="0.0" branch-rate="1.0" complexity="1.471698113207547">
					<methods>
						<method name="actionPerformed" signature="(Ljava/awt/event/ActionEvent;)V" line-rate="0.0" branch-rate="1.0">
							<lines>
								<line number="593" hits="0" branch="false"/>
								<line number="594" hits="0" branch="false"/>
								<line number="595" hits="0" branch="false"/>
								<line number="598" hits="0" branch="false"/>
							</lines>
						</method>
					</methods>
					<lines>
						<line number="593" hits="0" branch="false"/>
						<line number="594" hits="0" branch="false"/>
						<line number="595" hits="0" branch="false"/>
						<line number="598" hits="0" branch="false"/>
					</lines>
				</class>
				<class name="Client.ClientController$LobbyCloseListener" filename="Client/ClientController.java" line-rate="0.125" branch-rate="1.0" complexity="1.471698113207547">
					<methods>
						<method name="windowActivated" signature="(Ljava/awt/event/WindowEvent;)V" line-rate="0.0" branch-rate="1.0">
							<lines>
								<line number="154" hits="0" branch="false"/>
							</lines>
						</method>
						<method name="windowClosed" signature="(Ljava/awt/event/WindowEvent;)V" line-rate="0.0" branch-rate="1.0">
							<lines>
								<line number="159" hits="0" branch="false"/>
							</lines>
						</method>
						<method name="windowClosing" signature="(Ljava/awt/event/WindowEvent;)V" line-rate="0.0" branch-rate="1.0">
							<lines>
								<line number="163" hits="0" branch="false"/>
								<line number="164" hits="0" branch="false"/>
							</lines>
						</method>
						<method name="windowDeactivated" signature="(Ljava/awt/event/WindowEvent;)V" line-rate="0.0" branch-rate="1.0">
							<lines>
								<line number="169" hits="0" branch="false"/>
							</lines>
						</method>
						<method name="windowDeiconified" signature="(Ljava/awt/event/WindowEvent;)V" line-rate="0.0" branch-rate="1.0">
							<lines>
								<line number="174" hits="0" branch="false"/>
							</lines>
						</method>
						<method name="windowIconified" signature="(Ljava/awt/event/WindowEvent;)V" line-rate="0.0" branch-rate="1.0">
							<lines>
								<line number="179" hits="0" branch="false"/>
							</lines>
						</method>
						<method name="windowOpened" signature="(Ljava/awt/event/WindowEvent;)V" line-rate="1.0" branch-rate="1.0">
							<lines>
								<line number="184" hits="1" branch="false"/>
							</lines>
						</method>
					</methods>
					<lines>
						<line number="154" hits="0" branch="false"/>
						<line number="159" hits="0" branch="false"/>
						<line number="163" hits="0" branch="false"/>
						<line number="164" hits="0" branch="false"/>
						<line number="169" hits="0" branch="false"/>
						<line number="174" hits="0" branch="false"/>
						<line number="179" hits="0" branch="false"/>
						<line number="184" hits="1" branch="false"/>
					</lines>
				</class>
				<class name="Client.ClientController$OKButtonListenerChooseCards" filename="Client/ClientController.java" line-rate="0.0" branch-rate="1.0" complexity="1.471698113207547">
					<methods>
						<method name="actionPerformed" signature="(Ljava/awt/event/ActionEvent;)V" line-rate="0.0" branch-rate="1.0">
							<lines>
								<line number="566" hits="0" branch="false"/>
								<line number="567" hits="0" branch="false"/>
								<line number="568" hits="0" branch="false"/>
								<line number="569" hits="0" branch="false"/>
								<line number="572" hits="0" branch="false"/>
							</lines>
						</method>
					</methods>
					<lines>
						<line number="566" hits="0" branch="false"/>
						<line number="567" hits="0" branch="false"/>
						<line number="568" hits="0" branch="false"/>
						<line number="569" hits="0" branch="false"/>
						<line number="572" hits="0" branch="false"/>
					</lines>
				</class>
				<class name="Client.ClientController$OKButtonListenerChooseColour" filename="Client/ClientController.java" line-rate="0.0" branch-rate="1.0" complexity="1.471698113207547">
					<methods>
						<method name="actionPerformed" signature="(Ljava/awt/event/ActionEvent;)V" line-rate="0.0" branch-rate="1.0">
							<lines>
								<line number="553" hits="0" branch="false"/>
								<line number="554" hits="0" branch="false"/>
								<line number="555" hits="0" branch="false"/>
								<line number="558" hits="0" branch="false"/>
							</lines>
						</method>
					</methods>
					<lines>
						<line number="553" hits="0" branch="false"/>
						<line number="554" hits="0" branch="false"/>
						<line number="555" hits="0" branch="false"/>
						<line number="558" hits="0" branch="false"/>
					</lines>
				</class>
				<class name="Client.ClientController$OKButtonListenerInputNumber" filename="Client/ClientController.java" line-rate="0.0" branch-rate="0.0" complexity="1.471698113207547">
					<methods>
						<method name="actionPerformed" signature="(Ljava/awt/event/ActionEvent;)V" line-rate="0.0" branch-rate="0.0">
							<lines>
								<line number="540" hits="0" branch="false"/>
								<line number="541" hits="0" branch="true" condition-coverage="0% (0/2)">
									<conditions>
										<condition number="0" type="jump" coverage="0%"/>
									</conditions>
								</line>
								<line number="542" hits="0" branch="false"/>
								<line number="543" hits="0" branch="false"/>
								<line number="545" hits="0" branch="false"/>
							</lines>
						</method>
					</methods>
					<lines>
						<line number="540" hits="0" branch="false"/>
						<line number="541" hits="0" branch="true" condition-coverage="0% (0/2)">
							<conditions>
								<condition number="0" type="jump" coverage="0%"/>
							</conditions>
						</line>
						<line number="542" hits="0" branch="false"/>
						<line number="543" hits="0" branch="false"/>
						<line number="545" hits="0" branch="false"/>
					</lines>
				</class>
				<class name="Client.ClientController$OKButtonListenerWarning" filename="Client/ClientController.java" line-rate="0.0" branch-rate="0.0" complexity="1.471698113207547">
					<methods>
						<method name="actionPerformed" signature="(Ljava/awt/event/ActionEvent;)V" line-rate="0.0" branch-rate="0.0">
							<lines>
								<line number="355" hits="0" branch="false"/>
								<line number="356" hits="0" branch="true" condition-coverage="0% (0/2)">
									<conditions>
										<condition number="0" type="jump" coverage="0%"/>
									</conditions>
								</line>
								<line number="357" hits="0" branch="false"/>
								<line number="359" hits="0" branch="false"/>
							</lines>
						</method>
					</methods>
					<lines>
						<line number="355" hits="0" branch="false"/>
						<line number="356" hits="0" branch="true" condition-coverage="0% (0/2)">
							<conditions>
								<condition number="0" type="jump" coverage="0%"/>
							</conditions>
						</line>
						<line number="357" hits="0" branch="false"/>
						<line number="359" hits="0" branch="false"/>
					</lines>
				</class>
				<class name="Client.ClientController$PlayAgainButtonListenerScoreWindow" filename="Client/ClientController.java" line-rate="0.0" branch-rate="1.0" complexity="1.471698113207547">
					<methods>
						<method name="actionPerformed" signature="(Ljava/awt/event/ActionEvent;)V" line-rate="0.0" branch-rate="1.0">
							<lines>
								<line number="580" hits="0" branch="false"/>
								<line number="581" hits="0" branch="false"/>
								<line number="582" hits="0" branch="false"/>
								<line number="585" hits="0" branch="false"/>
							</lines>
						</method>
					</methods>
					<lines>
						<line number="580" hits="0" branch="false"/>
						<line number="581" hits="0" branch="false"/>
						<line number="582" hits="0" branch="false"/>
						<line number="585" hits="0" branch="false"/>
					</lines>
				</class>
				<class name="Client.ClientController$StartGameButtonListener" filename="Client/ClientController.java" line-rate="0.0" branch-rate="1.0" complexity="1.471698113207547">
					<methods>
						<method name="actionPerformed" signature="(Ljava/awt/event/ActionEvent;)V" line-rate="0.0" branch-rate="1.0">
							<lines>
								<line number="480" hits="0" branch="false"/>
								<line number="481" hits="0" branch="false"/>
							</lines>
						</method>
					</methods>
					<lines>
						<line number="480" hits="0" branch="false"/>
						<line number="481" hits="0" branch="false"/>
					</lines>
				</class>
				<class name="Client.ClientMain" filename="Client/ClientMain.java" line-rate="0.0" branch-rate="1.0" complexity="1.0">
					<methods>
						<method name="access$0" signature="(LClient/ClientController;)V" line-rate="0.0" branch-rate="1.0">
							<lines>
								<line number="16" hits="0" branch="false"/>
							</lines>
						</method>
						<method name="main" signature="([Ljava/lang/String;)V" line-rate="0.0" branch-rate="1.0">
							<lines>
								<line number="27" hits="0" branch="false"/>
								<line number="36" hits="0" branch="false"/>
							</lines>
						</method>
					</methods>
					<lines>
						<line number="16" hits="0" branch="false"/>
						<line number="27" hits="0" branch="false"/>
						<line number="36" hits="0" branch="false"/>
					</lines>
				</class>
				<class name="Client.ClientMain$1" filename="Client/ClientMain.java" line-rate="0.0" branch-rate="1.0" complexity="1.0">
					<methods>
						<method name="run" signature="()V" line-rate="0.0" branch-rate="1.0">
							<lines>
								<line number="31" hits="0" branch="false"/>
								<line number="32" hits="0" branch="false"/>
								<line number="33" hits="0" branch="false"/>
							</lines>
						</method>
					</methods>
					<lines>
						<line number="31" hits="0" branch="false"/>
						<line number="32" hits="0" branch="false"/>
						<line number="33" hits="0" branch="false"/>
					</lines>
				</class>
				<class name="Client.ClientModel" filename="Client/ClientModel.java" line-rate="0.8931818181818182" branch-rate="0.8158995815899581" complexity="5.137254901960785">
					<methods>
						<method name="$SWITCH_TABLE$Ruleset$RulesetType" signature="()[I" line-rate="1.0" branch-rate="1.0">
							<lines>
								<line number="53" hits="53" branch="true" condition-coverage="100% (2/2)">
									<conditions>
										<condition number="0" type="jump" coverage="100%"/>
									</conditions>
								</line>
							</lines>
						</method>
						<method name="&lt;init&gt;" signature="(LClient/MessageListenerThread;)V" line-rate="0.9375" branch-rate="0.5">
							<lines>
								<line number="147" hits="161" branch="false"/>
								<line number="148" hits="161" branch="true" condition-coverage="50% (1/2)">
									<conditions>
										<condition number="0" type="jump" coverage="50%"/>
									</conditions>
								</line>
								<line number="149" hits="0" branch="false"/>
								<line number="151" hits="161" branch="false"/>
								<line number="152" hits="161" branch="false"/>
								<line number="153" hits="161" branch="false"/>
								<line number="154" hits="161" branch="false"/>
								<line number="155" hits="161" branch="false"/>
								<line number="156" hits="161" branch="false"/>
								<line number="157" hits="161" branch="false"/>
								<line number="158" hits="161" branch="false"/>
								<line number="159" hits="322" branch="false"/>
								<line number="160" hits="161" branch="false"/>
								<line number="161" hits="161" branch="false"/>
								<line number="162" hits="161" branch="false"/>
								<line number="163" hits="161" branch="false"/>
							</lines>
						</method>
						<method name="announceTurn" signature="(LRuleset/UserMessages;)V" line-rate="0.875" branch-rate="0.75">
							<lines>
								<line number="845" hits="57" branch="true" condition-coverage="100% (2/2)">
									<conditions>
										<condition number="0" type="jump" coverage="100%"/>
									</conditions>
								</line>
								<line number="846" hits="56" branch="true" condition-coverage="50% (1/2)">
									<conditions>
										<condition number="0" type="jump" coverage="50%"/>
									</conditions>
								</line>
								<line number="847" hits="56" branch="false"/>
								<line number="848" hits="56" branch="false"/>
								<line number="849" hits="56" branch="false"/>
								<line number="850" hits="0" branch="false"/>
								<line number="853" hits="1" branch="false"/>
								<line number="855" hits="56" branch="false"/>
							</lines>
						</method>
						<method name="announceWinner" signature="(LRuleset/UserMessages;)V" line-rate="0.8888888888888888" branch-rate="0.75">
							<lines>
								<line number="1018" hits="3" branch="true" condition-coverage="100% (2/2)">
									<conditions>
										<condition number="0" type="jump" coverage="100%"/>
									</conditions>
								</line>
								<line number="1019" hits="2" branch="false"/>
								<line number="1020" hits="2" branch="true" condition-coverage="50% (1/2)">
									<conditions>
										<condition number="0" type="jump" coverage="50%"/>
									</conditions>
								</line>
								<line number="1021" hits="2" branch="false"/>
								<line number="1022" hits="2" branch="false"/>
								<line number="1023" hits="2" branch="false"/>
								<line number="1024" hits="0" branch="false"/>
								<line number="1027" hits="1" branch="false"/>
								<line number="1029" hits="2" branch="false"/>
							</lines>
						</method>
						<method name="closeProgram" signature="()V" line-rate="1.0" branch-rate="1.0">
							<lines>
								<line number="192" hits="1" branch="false"/>
								<line number="193" hits="1" branch="false"/>
								<line number="194" hits="1" branch="false"/>
								<line number="195" hits="1" branch="false"/>
								<line number="196" hits="1" branch="false"/>
								<line number="197" hits="1" branch="false"/>
								<line number="198" hits="1" branch="false"/>
							</lines>
						</method>
						<method name="closeView" signature="()V" line-rate="1.0" branch-rate="1.0">
							<lines>
								<line number="183" hits="2" branch="false"/>
								<line number="184" hits="2" branch="false"/>
								<line number="185" hits="2" branch="false"/>
							</lines>
						</method>
						<method name="createConnection" signature="(Ljava/lang/String;Ljava/lang/String;)V" line-rate="0.9285714285714286" branch-rate="0.95">
							<lines>
								<line number="1080" hits="117" branch="false"/>
								<line number="1081" hits="117" branch="false"/>
								<line number="1082" hits="117" branch="false"/>
								<line number="1083" hits="117" branch="false"/>
								<line number="1084" hits="117" branch="false"/>
								<line number="1085" hits="117" branch="true" condition-coverage="100% (2/2)">
									<conditions>
										<condition number="0" type="jump" coverage="100%"/>
									</conditions>
								</line>
								<line number="1086" hits="2" branch="false"/>
								<line number="1088" hits="115" branch="false"/>
								<line number="1089" hits="115" branch="true" condition-coverage="100% (2/2)">
									<conditions>
										<condition number="0" type="jump" coverage="100%"/>
									</conditions>
								</line>
								<line number="1090" hits="1" branch="false"/>
								<line number="1092" hits="114" branch="true" condition-coverage="100% (2/2)">
									<conditions>
										<condition number="0" type="jump" coverage="100%"/>
									</conditions>
								</line>
								<line number="1093" hits="2" branch="false"/>
								<line number="1094" hits="4" branch="false"/>
								<line number="1095" hits="2" branch="false"/>
								<line number="1097" hits="114" branch="true" condition-coverage="100% (2/2)">
									<conditions>
										<condition number="0" type="jump" coverage="100%"/>
									</conditions>
								</line>
								<line number="1098" hits="2" branch="false"/>
								<line number="1099" hits="4" branch="false"/>
								<line number="1100" hits="2" branch="false"/>
								<line number="1102" hits="114" branch="true" condition-coverage="100% (2/2)">
									<conditions>
										<condition number="0" type="jump" coverage="100%"/>
									</conditions>
								</line>
								<line number="1104" hits="111" branch="false"/>
								<line number="1105" hits="111" branch="false"/>
								<line number="1106" hits="111" branch="true" condition-coverage="100% (2/2)">
									<conditions>
										<condition number="0" type="jump" coverage="100%"/>
									</conditions>
								</line>
								<line number="1107" hits="2" branch="false"/>
								<line number="1108" hits="4" branch="false"/>
								<line number="1109" hits="2" branch="false"/>
								<line number="1111" hits="111" branch="true" condition-coverage="100% (2/2)">
									<conditions>
										<condition number="0" type="jump" coverage="100%"/>
									</conditions>
								</line>
								<line number="1112" hits="108" branch="false"/>
								<line number="1113" hits="108" branch="true" condition-coverage="100% (2/2)">
									<conditions>
										<condition number="0" type="jump" coverage="100%"/>
									</conditions>
								</line>
								<line number="1114" hits="2" branch="true" condition-coverage="50% (1/2)">
									<conditions>
										<condition number="0" type="jump" coverage="50%"/>
									</conditions>
								</line>
								<line number="1115" hits="3" branch="false"/>
								<line number="1116" hits="6" branch="false"/>
								<line number="1117" hits="3" branch="false"/>
								<line number="1119" hits="3" branch="false"/>
								<line number="1120" hits="0" branch="false"/>
								<line number="1121" hits="0" branch="false"/>
								<line number="1122" hits="0" branch="false"/>
								<line number="1125" hits="114" branch="true" condition-coverage="100% (2/2)">
									<conditions>
										<condition number="0" type="jump" coverage="100%"/>
									</conditions>
								</line>
								<line number="1126" hits="106" branch="false"/>
								<line number="1127" hits="106" branch="false"/>
								<line number="1128" hits="106" branch="false"/>
								<line number="1129" hits="8" branch="false"/>
								<line number="1131" hits="114" branch="false"/>
							</lines>
						</method>
						<method name="getCardsToChooseFrom" signature="()Ljava/util/List;" line-rate="0.4" branch-rate="0.25">
							<lines>
								<line number="640" hits="1" branch="true" condition-coverage="50% (1/2)">
									<conditions>
										<condition number="0" type="jump" coverage="50%"/>
									</conditions>
								</line>
								<line number="641" hits="0" branch="true" condition-coverage="0% (0/2)">
									<conditions>
										<condition number="0" type="jump" coverage="0%"/>
									</conditions>
								</line>
								<line number="642" hits="0" branch="false"/>
								<line number="644" hits="0" branch="false"/>
								<line number="647" hits="1" branch="false"/>
							</lines>
						</method>
						<method name="getColoursToChooseFrom" signature="()Ljava/util/List;" line-rate="0.8" branch-rate="0.75">
							<lines>
								<line number="750" hits="5" branch="true" condition-coverage="100% (2/2)">
									<conditions>
										<condition number="0" type="jump" coverage="100%"/>
									</conditions>
								</line>
								<line number="751" hits="4" branch="true" condition-coverage="50% (1/2)">
									<conditions>
										<condition number="0" type="jump" coverage="50%"/>
									</conditions>
								</line>
								<line number="752" hits="4" branch="false"/>
								<line number="754" hits="0" branch="false"/>
								<line number="757" hits="1" branch="false"/>
							</lines>
						</method>
						<method name="getGameUpdate" signature="()LRuleset/GameClientUpdate;" line-rate="0.8571428571428571" branch-rate="0.625">
							<lines>
								<line number="983" hits="4" branch="true" condition-coverage="100% (2/2)">
									<conditions>
										<condition number="0" type="jump" coverage="100%"/>
									</conditions>
								</line>
								<line number="984" hits="1" branch="true" condition-coverage="50% (1/2)">
									<conditions>
										<condition number="0" type="jump" coverage="50%"/>
									</conditions>
								</line>
								<line number="985" hits="1" branch="true" condition-coverage="50% (1/2)">
									<conditions>
										<condition number="0" type="jump" coverage="50%"/>
									</conditions>
								</line>
								<line number="986" hits="3" branch="true" condition-coverage="50% (1/2)">
									<conditions>
										<condition number="0" type="jump" coverage="50%"/>
									</conditions>
								</line>
								<line number="987" hits="3" branch="false"/>
								<line number="989" hits="0" branch="false"/>
								<line number="992" hits="1" branch="false"/>
							</lines>
						</method>
						<method name="getTrumpColour" signature="()LRuleset/Colour;" line-rate="0.8" branch-rate="0.75">
							<lines>
								<line number="827" hits="2" branch="true" condition-coverage="100% (2/2)">
									<conditions>
										<condition number="0" type="jump" coverage="100%"/>
									</conditions>
								</line>
								<line number="828" hits="1" branch="true" condition-coverage="50% (1/2)">
									<conditions>
										<condition number="0" type="jump" coverage="50%"/>
									</conditions>
								</line>
								<line number="829" hits="1" branch="false"/>
								<line number="831" hits="0" branch="false"/>
								<line number="834" hits="1" branch="false"/>
							</lines>
						</method>
						<method name="getWarningText" signature="()Ljava/lang/String;" line-rate="1.0" branch-rate="1.0">
							<lines>
								<line number="1167" hits="1" branch="false"/>
							</lines>
						</method>
						<method name="getWinner" signature="()Ljava/util/List;" line-rate="0.6666666666666666" branch-rate="0.5">
							<lines>
								<line number="1055" hits="2" branch="true" condition-coverage="50% (1/2)">
									<conditions>
										<condition number="0" type="jump" coverage="50%"/>
									</conditions>
								</line>
								<line number="1056" hits="0" branch="false"/>
								<line number="1058" hits="2" branch="false"/>
							</lines>
						</method>
						<method name="giveChosenCards" signature="(Ljava/util/List;)V" line-rate="0.8181818181818182" branch-rate="0.75">
							<lines>
								<line number="660" hits="8" branch="true" condition-coverage="50% (1/2)">
									<conditions>
										<condition number="0" type="jump" coverage="50%"/>
									</conditions>
								</line>
								<line number="661" hits="8" branch="true" condition-coverage="100% (2/2)">
									<conditions>
										<condition number="0" type="jump" coverage="100%"/>
									</conditions>
								</line>
								<line number="662" hits="7" branch="true" condition-coverage="100% (2/2)">
									<conditions>
										<condition number="0" type="jump" coverage="100%"/>
									</conditions>
								</line>
								<line number="663" hits="6" branch="true" condition-coverage="50% (1/2)">
									<conditions>
										<condition number="0" type="jump" coverage="50%"/>
									</conditions>
								</line>
								<line number="664" hits="6" branch="false"/>
								<line number="665" hits="5" branch="false"/>
								<line number="666" hits="0" branch="false"/>
								<line number="670" hits="1" branch="false"/>
								<line number="673" hits="1" branch="false"/>
								<line number="676" hits="0" branch="false"/>
								<line number="678" hits="5" branch="false"/>
							</lines>
						</method>
						<method name="giveColourSelection" signature="(LRuleset/Colour;)V" line-rate="0.7777777777777778" branch-rate="0.6666666666666666">
							<lines>
								<line number="708" hits="8" branch="true" condition-coverage="50% (1/2)">
									<conditions>
										<condition number="0" type="jump" coverage="50%"/>
									</conditions>
								</line>
								<line number="709" hits="8" branch="true" condition-coverage="100% (2/2)">
									<conditions>
										<condition number="0" type="jump" coverage="100%"/>
									</conditions>
								</line>
								<line number="710" hits="7" branch="true" condition-coverage="50% (1/2)">
									<conditions>
										<condition number="0" type="jump" coverage="50%"/>
									</conditions>
								</line>
								<line number="711" hits="7" branch="false"/>
								<line number="712" hits="6" branch="false"/>
								<line number="713" hits="0" branch="false"/>
								<line number="717" hits="1" branch="false"/>
								<line number="720" hits="0" branch="false"/>
								<line number="722" hits="6" branch="false"/>
							</lines>
						</method>
						<method name="giveInputNumber" signature="(I)V" line-rate="0.8571428571428571" branch-rate="0.75">
							<lines>
								<line number="771" hits="5" branch="true" condition-coverage="100% (2/2)">
									<conditions>
										<condition number="0" type="jump" coverage="100%"/>
									</conditions>
								</line>
								<line number="772" hits="4" branch="true" condition-coverage="50% (1/2)">
									<conditions>
										<condition number="0" type="jump" coverage="50%"/>
									</conditions>
								</line>
								<line number="773" hits="4" branch="false"/>
								<line number="774" hits="3" branch="false"/>
								<line number="775" hits="0" branch="false"/>
								<line number="778" hits="1" branch="false"/>
								<line number="780" hits="3" branch="false"/>
							</lines>
						</method>
						<method name="hostGame" signature="(Ljava/lang/String;ZLjava/lang/String;LRuleset/RulesetType;)V" line-rate="1.0" branch-rate="1.0">
							<lines>
								<line number="578" hits="75" branch="true" condition-coverage="100% (2/2)">
									<conditions>
										<condition number="0" type="jump" coverage="100%"/>
									</conditions>
								</line>
								<line number="579" hits="74" branch="true" condition-coverage="100% (2/2)">
									<conditions>
										<condition number="0" type="jump" coverage="100%"/>
									</conditions>
								</line>
								<line number="580" hits="1" branch="false"/>
								<line number="582" hits="74" branch="true" condition-coverage="100% (2/2)">
									<conditions>
										<condition number="0" type="jump" coverage="100%"/>
									</conditions>
								</line>
								<line number="583" hits="3" branch="true" condition-coverage="100% (2/2)">
									<conditions>
										<condition number="0" type="jump" coverage="100%"/>
									</conditions>
								</line>
								<line number="584" hits="1" branch="false"/>
								<line number="585" hits="1" branch="false"/>
								<line number="586" hits="1" branch="true" condition-coverage="100% (2/2)">
									<conditions>
										<condition number="0" type="jump" coverage="100%"/>
									</conditions>
								</line>
								<line number="587" hits="1" branch="false"/>
								<line number="589" hits="1" branch="false"/>
								<line number="590" hits="71" branch="false"/>
								<line number="592" hits="74" branch="true" condition-coverage="100% (2/2)">
									<conditions>
										<condition number="0" type="jump" coverage="100%"/>
									</conditions>
								</line>
								<line number="593" hits="1" branch="false"/>
								<line number="595" hits="73" branch="false"/>
								<line number="596" hits="73" branch="false"/>
								<line number="597" hits="73" branch="false"/>
								<line number="598" hits="146" branch="false"/>
								<line number="599" hits="73" branch="false"/>
								<line number="601" hits="73" branch="false"/>
								<line number="602" hits="1" branch="false"/>
								<line number="604" hits="73" branch="false"/>
							</lines>
						</method>
						<method name="informView" signature="(LClient/ViewNotification;)V" line-rate="1.0" branch-rate="1.0">
							<lines>
								<line number="1067" hits="512" branch="false"/>
								<line number="1068" hits="512" branch="false"/>
								<line number="1069" hits="512" branch="false"/>
							</lines>
						</method>
						<method name="joinGame" signature="(Ljava/lang/String;Ljava/lang/String;)V" line-rate="1.0" branch-rate="0.8333333333333334">
							<lines>
								<line number="890" hits="5" branch="true" condition-coverage="100% (2/2)">
									<conditions>
										<condition number="0" type="jump" coverage="100%"/>
									</conditions>
								</line>
								<line number="891" hits="4" branch="true" condition-coverage="100% (2/2)">
									<conditions>
										<condition number="0" type="jump" coverage="100%"/>
									</conditions>
								</line>
								<line number="892" hits="1" branch="false"/>
								<line number="894" hits="4" branch="true" condition-coverage="100% (2/2)">
									<conditions>
										<condition number="0" type="jump" coverage="100%"/>
									</conditions>
								</line>
								<line number="895" hits="1" branch="false"/>
								<line number="896" hits="3" branch="true" condition-coverage="100% (2/2)">
									<conditions>
										<condition number="0" type="jump" coverage="100%"/>
									</conditions>
								</line>
								<line number="897" hits="1" branch="false"/>
								<line number="899" hits="4" branch="false"/>
								<line number="900" hits="4" branch="true" condition-coverage="50% (1/2)">
									<conditions>
										<condition number="0" type="jump" coverage="50%"/>
									</conditions>
								</line>
								<line number="901" hits="2" branch="true" condition-coverage="50% (1/2)">
									<conditions>
										<condition number="0" type="jump" coverage="50%"/>
									</conditions>
								</line>
								<line number="902" hits="2" branch="false"/>
								<line number="903" hits="2" branch="false"/>
								<line number="904" hits="2" branch="false"/>
								<line number="905" hits="2" branch="false"/>
								<line number="906" hits="2" branch="false"/>
								<line number="912" hits="1" branch="false"/>
								<line number="914" hits="2" branch="false"/>
							</lines>
						</method>
						<method name="kickPlayer" signature="(Ljava/lang/String;)V" line-rate="1.0" branch-rate="0.875">
							<lines>
								<line number="550" hits="4" branch="true" condition-coverage="100% (2/2)">
									<conditions>
										<condition number="0" type="jump" coverage="100%"/>
									</conditions>
								</line>
								<line number="551" hits="3" branch="true" condition-coverage="100% (2/2)">
									<conditions>
										<condition number="0" type="jump" coverage="100%"/>
									</conditions>
								</line>
								<line number="552" hits="1" branch="false"/>
								<line number="554" hits="2" branch="true" condition-coverage="100% (2/2)">
									<conditions>
										<condition number="0" type="jump" coverage="100%"/>
									</conditions>
								</line>
								<line number="555" hits="1" branch="false"/>
								<line number="557" hits="1" branch="true" condition-coverage="50% (1/2)">
									<conditions>
										<condition number="0" type="jump" coverage="50%"/>
									</conditions>
								</line>
								<line number="558" hits="1" branch="false"/>
								<line number="560" hits="1" branch="false"/>
								<line number="561" hits="1" branch="false"/>
								<line number="563" hits="1" branch="false"/>
							</lines>
						</method>
						<method name="makeMove" signature="(LRuleset/Card;)V" line-rate="0.7777777777777778" branch-rate="0.6666666666666666">
							<lines>
								<line number="948" hits="48" branch="true" condition-coverage="100% (2/2)">
									<conditions>
										<condition number="0" type="jump" coverage="100%"/>
									</conditions>
								</line>
								<line number="949" hits="47" branch="true" condition-coverage="50% (1/2)">
									<conditions>
										<condition number="0" type="jump" coverage="50%"/>
									</conditions>
								</line>
								<line number="950" hits="47" branch="true" condition-coverage="50% (1/2)">
									<conditions>
										<condition number="0" type="jump" coverage="50%"/>
									</conditions>
								</line>
								<line number="951" hits="47" branch="false"/>
								<line number="952" hits="47" branch="false"/>
								<line number="953" hits="0" branch="false"/>
								<line number="957" hits="0" branch="false"/>
								<line number="960" hits="1" branch="false"/>
								<line number="962" hits="47" branch="false"/>
							</lines>
						</method>
						<method name="openChooseCardsWindow" signature="(LRuleset/UserMessages;)V" line-rate="0.875" branch-rate="0.75">
							<lines>
								<line number="687" hits="11" branch="true" condition-coverage="100% (2/2)">
									<conditions>
										<condition number="0" type="jump" coverage="100%"/>
									</conditions>
								</line>
								<line number="688" hits="10" branch="true" condition-coverage="50% (1/2)">
									<conditions>
										<condition number="0" type="jump" coverage="50%"/>
									</conditions>
								</line>
								<line number="689" hits="10" branch="false"/>
								<line number="690" hits="10" branch="false"/>
								<line number="691" hits="10" branch="false"/>
								<line number="692" hits="0" branch="false"/>
								<line number="695" hits="1" branch="false"/>
								<line number="697" hits="10" branch="false"/>
							</lines>
						</method>
						<method name="openChooseColourWindow" signature="(LRuleset/UserMessages;)V" line-rate="0.875" branch-rate="0.75">
							<lines>
								<line number="731" hits="10" branch="true" condition-coverage="100% (2/2)">
									<conditions>
										<condition number="0" type="jump" coverage="100%"/>
									</conditions>
								</line>
								<line number="732" hits="9" branch="true" condition-coverage="50% (1/2)">
									<conditions>
										<condition number="0" type="jump" coverage="50%"/>
									</conditions>
								</line>
								<line number="733" hits="9" branch="false"/>
								<line number="734" hits="9" branch="false"/>
								<line number="735" hits="9" branch="false"/>
								<line number="736" hits="0" branch="false"/>
								<line number="739" hits="1" branch="false"/>
								<line number="741" hits="9" branch="false"/>
							</lines>
						</method>
						<method name="openNumberInputWindow" signature="(LRuleset/UserMessages;)V" line-rate="0.875" branch-rate="0.75">
							<lines>
								<line number="790" hits="8" branch="true" condition-coverage="100% (2/2)">
									<conditions>
										<condition number="0" type="jump" coverage="100%"/>
									</conditions>
								</line>
								<line number="791" hits="7" branch="true" condition-coverage="50% (1/2)">
									<conditions>
										<condition number="0" type="jump" coverage="50%"/>
									</conditions>
								</line>
								<line number="792" hits="7" branch="false"/>
								<line number="793" hits="7" branch="false"/>
								<line number="794" hits="7" branch="false"/>
								<line number="795" hits="0" branch="false"/>
								<line number="798" hits="1" branch="false"/>
								<line number="800" hits="7" branch="false"/>
							</lines>
						</method>
						<method name="openWarning" signature="(LComObjects/WarningMsg;)V" line-rate="1.0" branch-rate="1.0">
							<lines>
								<line number="1003" hits="24" branch="true" condition-coverage="100% (2/2)">
									<conditions>
										<condition number="0" type="jump" coverage="100%"/>
									</conditions>
								</line>
								<line number="1004" hits="23" branch="false"/>
								<line number="1005" hits="23" branch="false"/>
								<line number="1006" hits="23" branch="false"/>
								<line number="1007" hits="23" branch="false"/>
								<line number="1008" hits="1" branch="false"/>
								<line number="1010" hits="23" branch="false"/>
							</lines>
						</method>
						<method name="prepRulesetList" signature="()V" line-rate="1.0" branch-rate="1.0">
							<lines>
								<line number="1174" hits="161" branch="false"/>
								<line number="1175" hits="161" branch="false"/>
								<line number="1176" hits="161" branch="false"/>
								<line number="1177" hits="161" branch="false"/>
							</lines>
						</method>
						<method name="receiveMessage" signature="(LComObjects/ComChatMessage;)V" line-rate="1.0" branch-rate="1.0">
							<lines>
								<line number="206" hits="8" branch="true" condition-coverage="100% (2/2)">
									<conditions>
										<condition number="0" type="jump" coverage="100%"/>
									</conditions>
								</line>
								<line number="207" hits="7" branch="true" condition-coverage="100% (2/2)">
									<conditions>
										<condition number="0" type="jump" coverage="100%"/>
									</conditions>
								</line>
								<line number="208" hits="6" branch="true" condition-coverage="100% (2/2)">
									<conditions>
										<condition number="0" type="jump" coverage="100%"/>
									</conditions>
								</line>
								<line number="209" hits="5" branch="false"/>
								<line number="210" hits="5" branch="false"/>
								<line number="211" hits="5" branch="false"/>
								<line number="212" hits="1" branch="false"/>
								<line number="215" hits="1" branch="false"/>
								<line number="218" hits="1" branch="false"/>
								<line number="220" hits="5" branch="false"/>
							</lines>
						</method>
						<method name="receiveMessage" signature="(LComObjects/ComClientQuit;)V" line-rate="0.8888888888888888" branch-rate="0.75">
							<lines>
								<line number="470" hits="2" branch="true" condition-coverage="50% (1/2)">
									<conditions>
										<condition number="0" type="jump" coverage="50%"/>
									</conditions>
								</line>
								<line number="471" hits="2" branch="true" condition-coverage="100% (2/2)">
									<conditions>
										<condition number="0" type="jump" coverage="100%"/>
									</conditions>
								</line>
								<line number="472" hits="1" branch="false"/>
								<line number="473" hits="1" branch="false"/>
								<line number="474" hits="1" branch="false"/>
								<line number="475" hits="1" branch="false"/>
								<line number="477" hits="1" branch="false"/>
								<line number="478" hits="0" branch="false"/>
								<line number="480" hits="2" branch="false"/>
							</lines>
						</method>
						<method name="receiveMessage" signature="(LComObjects/ComInitGameLobby;)V" line-rate="1.0" branch-rate="1.0">
							<lines>
								<line number="266" hits="74" branch="true" condition-coverage="100% (2/2)">
									<conditions>
										<condition number="0" type="jump" coverage="100%"/>
									</conditions>
								</line>
								<line number="267" hits="72" branch="true" condition-coverage="100% (2/2)">
									<conditions>
										<condition number="0" type="jump" coverage="100%"/>
									</conditions>
								</line>
								<line number="268" hits="71" branch="false"/>
								<line number="269" hits="71" branch="true" condition-coverage="100% (2/2)">
									<conditions>
										<condition number="0" type="jump" coverage="100%"/>
									</conditions>
								</line>
								<line number="270" hits="140" branch="false"/>
								<line number="271" hits="70" branch="false"/>
								<line number="272" hits="70" branch="true" condition-coverage="100% (2/2)">
									<conditions>
										<condition number="0" type="jump" coverage="100%"/>
									</conditions>
								</line>
								<line number="273" hits="69" branch="false"/>
								<line number="274" hits="69" branch="false"/>
								<line number="275" hits="1" branch="false"/>
								<line number="279" hits="1" branch="false"/>
								<line number="283" hits="1" branch="false"/>
								<line number="286" hits="2" branch="false"/>
								<line number="288" hits="69" branch="false"/>
							</lines>
						</method>
						<method name="receiveMessage" signature="(LComObjects/ComInitLobby;)V" line-rate="1.0" branch-rate="1.0">
							<lines>
								<line number="231" hits="111" branch="true" condition-coverage="100% (2/2)">
									<conditions>
										<condition number="0" type="jump" coverage="100%"/>
									</conditions>
								</line>
								<line number="232" hits="110" branch="false"/>
								<line number="233" hits="110" branch="false"/>
								<line number="234" hits="110" branch="false"/>
								<line number="235" hits="110" branch="true" condition-coverage="100% (2/2)">
									<conditions>
										<condition number="0" type="jump" coverage="100%"/>
									</conditions>
								</line>
								<line number="236" hits="109" branch="false"/>
								<line number="237" hits="109" branch="true" condition-coverage="100% (2/2)">
									<conditions>
										<condition number="0" type="jump" coverage="100%"/>
									</conditions>
								</line>
								<line number="238" hits="1" branch="false"/>
								<line number="241" hits="1" branch="false"/>
								<line number="243" hits="108" branch="true" condition-coverage="100% (2/2)">
									<conditions>
										<condition number="0" type="jump" coverage="100%"/>
									</conditions>
								</line>
								<line number="244" hits="214" branch="false"/>
								<line number="245" hits="107" branch="false"/>
								<line number="246" hits="107" branch="false"/>
								<line number="247" hits="1" branch="false"/>
								<line number="249" hits="107" branch="false"/>
								<line number="250" hits="107" branch="false"/>
								<line number="251" hits="1" branch="false"/>
								<line number="253" hits="107" branch="false"/>
							</lines>
						</method>
						<method name="receiveMessage" signature="(LComObjects/ComLobbyUpdateGamelist;)V" line-rate="1.0" branch-rate="0.8571428571428571">
							<lines>
								<line number="434" hits="8" branch="true" condition-coverage="100% (2/2)">
									<conditions>
										<condition number="0" type="jump" coverage="100%"/>
									</conditions>
								</line>
								<line number="435" hits="1" branch="true" condition-coverage="50% (1/2)">
									<conditions>
										<condition number="0" type="jump" coverage="50%"/>
									</conditions>
								</line>
								<line number="436" hits="7" branch="true" condition-coverage="100% (2/2)">
									<conditions>
										<condition number="0" type="jump" coverage="100%"/>
									</conditions>
								</line>
								<line number="437" hits="6" branch="false"/>
								<line number="439" hits="6" branch="true" condition-coverage="100% (2/2)">
									<conditions>
										<condition number="0" type="jump" coverage="100%"/>
									</conditions>
								</line>
								<line number="440" hits="10" branch="false"/>
								<line number="441" hits="10" branch="true" condition-coverage="100% (2/2)">
									<conditions>
										<condition number="0" type="jump" coverage="100%"/>
									</conditions>
								</line>
								<line number="442" hits="2" branch="false"/>
								<line number="443" hits="2" branch="true" condition-coverage="50% (1/2)">
									<conditions>
										<condition number="0" type="jump" coverage="50%"/>
									</conditions>
								</line>
								<line number="444" hits="2" branch="false"/>
								<line number="445" hits="2" branch="false"/>
								<line number="448" hits="5" branch="true" condition-coverage="100% (2/2)">
									<conditions>
										<condition number="0" type="jump" coverage="100%"/>
									</conditions>
								</line>
								<line number="449" hits="4" branch="false"/>
								<line number="452" hits="5" branch="false"/>
								<line number="453" hits="5" branch="false"/>
								<line number="454" hits="1" branch="false"/>
								<line number="458" hits="1" branch="false"/>
								<line number="461" hits="1" branch="false"/>
								<line number="463" hits="5" branch="false"/>
							</lines>
						</method>
[...]
								<line number="78" hits="0" branch="false"/>
								<line number="79" hits="0" branch="false"/>
								<line number="81" hits="0" branch="false"/>
								<line number="84" hits="0" branch="false"/>
								<line number="85" hits="0" branch="false"/>
								<line number="87" hits="0" branch="false"/>
								<line number="88" hits="0" branch="false"/>
								<line number="89" hits="0" branch="false"/>
								<line number="90" hits="0" branch="false"/>
								<line number="92" hits="0" branch="false"/>
								<line number="93" hits="0" branch="false"/>
								<line number="95" hits="0" branch="false"/>
								<line number="96" hits="0" branch="false"/>
							</lines>
						</method>
						<method name="changeServer" signature="(LServer/Server;)V" line-rate="1.0" branch-rate="1.0">
							<lines>
								<line number="173" hits="26811" branch="false"/>
								<line number="174" hits="26811" branch="false"/>
								<line number="175" hits="26811" branch="false"/>
								<line number="176" hits="26811" branch="false"/>
							</lines>
						</method>
						<method name="closeConnection" signature="()V" line-rate="0.0" branch-rate="1.0">
							<lines>
								<line number="133" hits="0" branch="false"/>
								<line number="134" hits="0" branch="false"/>
								<line number="135" hits="0" branch="false"/>
								<line number="136" hits="0" branch="false"/>
								<line number="137" hits="0" branch="false"/>
								<line number="138" hits="0" branch="false"/>
								<line number="139" hits="0" branch="false"/>
								<line number="141" hits="0" branch="false"/>
							</lines>
						</method>
						<method name="run" signature="()V" line-rate="0.0" branch-rate="0.0">
							<lines>
								<line number="108" hits="0" branch="false"/>
								<line number="110" hits="0" branch="true" condition-coverage="0% (0/2)">
									<conditions>
										<condition number="0" type="jump" coverage="0%"/>
									</conditions>
								</line>
								<line number="112" hits="0" branch="false"/>
								<line number="113" hits="0" branch="false"/>
								<line number="114" hits="0" branch="false"/>
								<line number="115" hits="0" branch="false"/>
								<line number="116" hits="0" branch="false"/>
								<line number="117" hits="0" branch="false"/>
								<line number="118" hits="0" branch="false"/>
								<line number="119" hits="0" branch="false"/>
								<line number="120" hits="0" branch="false"/>
								<line number="121" hits="0" branch="false"/>
								<line number="122" hits="0" branch="false"/>
								<line number="123" hits="0" branch="false"/>
								<line number="126" hits="0" branch="false"/>
							</lines>
						</method>
						<method name="send" signature="(LComObjects/ComObject;)V" line-rate="0.0" branch-rate="1.0">
							<lines>
								<line number="153" hits="0" branch="false"/>
								<line number="154" hits="0" branch="false"/>
								<line number="155" hits="0" branch="false"/>
								<line number="156" hits="0" branch="false"/>
								<line number="157" hits="0" branch="false"/>
								<line number="158" hits="0" branch="false"/>
								<line number="160" hits="0" branch="false"/>
							</lines>
						</method>
					</methods>
					<lines>
						<line number="45" hits="34185" branch="false"/>
						<line number="51" hits="34185" branch="false"/>
						<line number="52" hits="34185" branch="false"/>
						<line number="53" hits="34185" branch="false"/>
						<line number="66" hits="0" branch="false"/>
						<line number="67" hits="0" branch="false"/>
						<line number="68" hits="0" branch="false"/>
						<line number="70" hits="0" branch="false"/>
						<line number="71" hits="0" branch="false"/>
						<line number="72" hits="0" branch="false"/>
						<line number="73" hits="0" branch="false"/>
						<line number="74" hits="0" branch="false"/>
						<line number="76" hits="0" branch="false"/>
						<line number="77" hits="0" branch="false"/>
						<line number="78" hits="0" branch="false"/>
						<line number="79" hits="0" branch="false"/>
						<line number="81" hits="0" branch="false"/>
						<line number="84" hits="0" branch="false"/>
						<line number="85" hits="0" branch="false"/>
						<line number="87" hits="0" branch="false"/>
						<line number="88" hits="0" branch="false"/>
						<line number="89" hits="0" branch="false"/>
						<line number="90" hits="0" branch="false"/>
						<line number="92" hits="0" branch="false"/>
						<line number="93" hits="0" branch="false"/>
						<line number="95" hits="0" branch="false"/>
						<line number="96" hits="0" branch="false"/>
						<line number="108" hits="0" branch="false"/>
						<line number="110" hits="0" branch="true" condition-coverage="0% (0/2)">
							<conditions>
								<condition number="0" type="jump" coverage="0%"/>
							</conditions>
						</line>
						<line number="112" hits="0" branch="false"/>
						<line number="113" hits="0" branch="false"/>
						<line number="114" hits="0" branch="false"/>
						<line number="115" hits="0" branch="false"/>
						<line number="116" hits="0" branch="false"/>
						<line number="117" hits="0" branch="false"/>
						<line number="118" hits="0" branch="false"/>
						<line number="119" hits="0" branch="false"/>
						<line number="120" hits="0" branch="false"/>
						<line number="121" hits="0" branch="false"/>
						<line number="122" hits="0" branch="false"/>
						<line number="123" hits="0" branch="false"/>
						<line number="126" hits="0" branch="false"/>
						<line number="133" hits="0" branch="false"/>
						<line number="134" hits="0" branch="false"/>
						<line number="135" hits="0" branch="false"/>
						<line number="136" hits="0" branch="false"/>
						<line number="137" hits="0" branch="false"/>
						<line number="138" hits="0" branch="false"/>
						<line number="139" hits="0" branch="false"/>
						<line number="141" hits="0" branch="false"/>
						<line number="153" hits="0" branch="false"/>
						<line number="154" hits="0" branch="false"/>
						<line number="155" hits="0" branch="false"/>
						<line number="156" hits="0" branch="false"/>
						<line number="157" hits="0" branch="false"/>
						<line number="158" hits="0" branch="false"/>
						<line number="160" hits="0" branch="false"/>
						<line number="173" hits="26811" branch="false"/>
						<line number="174" hits="26811" branch="false"/>
						<line number="175" hits="26811" branch="false"/>
						<line number="176" hits="26811" branch="false"/>
					</lines>
				</class>
				<class name="Server.Server" filename="Server/Server.java" line-rate="0.8363636363636363" branch-rate="0.8" complexity="1.3125">
					<methods>
						<method name="&lt;init&gt;" signature="()V" line-rate="1.0" branch-rate="1.0">
							<lines>
								<line number="14" hits="23012" branch="false"/>
								<line number="18" hits="11506" branch="false"/>
							</lines>
						</method>
						<method name="addPlayer" signature="(LServer/Player;)V" line-rate="1.0" branch-rate="1.0">
							<lines>
								<line number="190" hits="74836" branch="false"/>
								<line number="191" hits="37418" branch="false"/>
								<line number="193" hits="37418" branch="false"/>
							</lines>
						</method>
						<method name="broadcast" signature="(LComObjects/ComObject;)V" line-rate="1.0" branch-rate="0.75">
							<lines>
								<line number="218" hits="101179" branch="true" condition-coverage="50% (1/2)">
									<conditions>
										<condition number="0" type="jump" coverage="50%"/>
									</conditions>
								</line>
								<line number="219" hits="202358" branch="false"/>
								<line number="220" hits="65796754" branch="true" condition-coverage="100% (2/2)">
									<conditions>
										<condition number="0" type="jump" coverage="100%"/>
									</conditions>
								</line>
								<line number="221" hits="65594396" branch="false"/>
								<line number="225" hits="101179" branch="false"/>
							</lines>
						</method>
						<method name="disconnectPlayer" signature="(LServer/Player;)V" line-rate="0.0" branch-rate="1.0">
							<lines>
								<line number="234" hits="0" branch="false"/>
								<line number="235" hits="0" branch="false"/>
							</lines>
						</method>
						<method name="receiveMessage" signature="(LServer/Player;LComObjects/ComChatMessage;)V" line-rate="0.0" branch-rate="1.0">
							<lines>
								<line number="55" hits="0" branch="false"/>
								<line number="56" hits="0" branch="false"/>
								<line number="57" hits="0" branch="false"/>
							</lines>
						</method>
						<method name="receiveMessage" signature="(LServer/Player;LComObjects/ComClientLeave;)V" line-rate="1.0" branch-rate="1.0">
							<lines>
								<line number="125" hits="1" branch="false"/>
								<line number="126" hits="1" branch="false"/>
								<line number="127" hits="1" branch="false"/>
							</lines>
						</method>
						<method name="receiveMessage" signature="(LServer/Player;LComObjects/ComClientQuit;)V" line-rate="0.8" branch-rate="0.5">
							<lines>
								<line number="70" hits="3501" branch="true" condition-coverage="50% (1/2)">
									<conditions>
										<condition number="0" type="jump" coverage="50%"/>
									</conditions>
								</line>
								<line number="71" hits="3501" branch="false"/>
								<line number="72" hits="3501" branch="false"/>
								<line number="73" hits="0" branch="false"/>
								<line number="75" hits="3501" branch="false"/>
							</lines>
						</method>
						<method name="receiveMessage" signature="(LServer/Player;LComObjects/ComCreateGameRequest;)V" line-rate="1.0" branch-rate="1.0">
							<lines>
								<line number="86" hits="1" branch="false"/>
								<line number="87" hits="1" branch="false"/>
								<line number="88" hits="1" branch="false"/>
							</lines>
						</method>
						<method name="receiveMessage" signature="(LServer/Player;LComObjects/ComJoinRequest;)V" line-rate="1.0" branch-rate="1.0">
							<lines>
								<line number="99" hits="1" branch="false"/>
								<line number="100" hits="1" branch="false"/>
								<line number="101" hits="1" branch="false"/>
							</lines>
						</method>
						<method name="receiveMessage" signature="(LServer/Player;LComObjects/ComKickPlayerRequest;)V" line-rate="1.0" branch-rate="1.0">
							<lines>
								<line number="112" hits="1" branch="false"/>
								<line number="113" hits="1" branch="false"/>
								<line number="114" hits="1" branch="false"/>
							</lines>
						</method>
						<method name="receiveMessage" signature="(LServer/Player;LComObjects/ComLoginRequest;)V" line-rate="1.0" branch-rate="1.0">
							<lines>
								<line number="42" hits="2" branch="false"/>
								<line number="43" hits="2" branch="false"/>
								<line number="44" hits="2" branch="false"/>
							</lines>
						</method>
						<method name="receiveMessage" signature="(LServer/Player;LComObjects/ComNewRound;)V" line-rate="1.0" branch-rate="1.0">
							<lines>
								<line number="156" hits="1" branch="false"/>
								<line number="157" hits="1" branch="false"/>
								<line number="158" hits="1" branch="false"/>
							</lines>
						</method>
						<method name="receiveMessage" signature="(LServer/Player;LComObjects/ComObject;)V" line-rate="0.0" branch-rate="1.0">
							<lines>
								<line number="29" hits="0" branch="false"/>
								<line number="30" hits="0" branch="false"/>
								<line number="31" hits="0" branch="false"/>
							</lines>
						</method>
						<method name="receiveMessage" signature="(LServer/Player;LComObjects/ComRuleset;)V" line-rate="1.0" branch-rate="1.0">
							<lines>
								<line number="151" hits="1" branch="false"/>
								<line number="152" hits="1" branch="false"/>
								<line number="153" hits="1" branch="false"/>
							</lines>
						</method>
						<method name="receiveMessage" signature="(LServer/Player;LComObjects/ComStartGame;)V" line-rate="1.0" branch-rate="1.0">
							<lines>
								<line number="138" hits="1" branch="false"/>
								<line number="139" hits="1" branch="false"/>
								<line number="140" hits="1" branch="false"/>
							</lines>
						</method>
						<method name="removePlayer" signature="(LServer/Player;)V" line-rate="1.0" branch-rate="1.0">
							<lines>
								<line number="204" hits="100464" branch="false"/>
								<line number="205" hits="50232" branch="false"/>
								<line number="207" hits="50232" branch="false"/>
							</lines>
						</method>
						<method name="sendToPlayer" signature="(Ljava/lang/String;LComObjects/ComObject;)V" line-rate="1.0" branch-rate="1.0">
							<lines>
								<line number="172" hits="6952" branch="false"/>
								<line number="173" hits="17284" branch="true" condition-coverage="100% (2/2)">
									<conditions>
										<condition number="0" type="jump" coverage="100%"/>
									</conditions>
								</line>
								<line number="174" hits="10332" branch="true" condition-coverage="100% (2/2)">
									<conditions>
										<condition number="0" type="jump" coverage="100%"/>
									</conditions>
								</line>
								<line number="175" hits="3429" branch="false"/>
								<line number="179" hits="3476" branch="false"/>
							</lines>
						</method>
					</methods>
					<lines>
						<line number="14" hits="23012" branch="false"/>
						<line number="18" hits="11506" branch="false"/>
						<line number="29" hits="0" branch="false"/>
						<line number="30" hits="0" branch="false"/>
						<line number="31" hits="0" branch="false"/>
						<line number="42" hits="2" branch="false"/>
						<line number="43" hits="2" branch="false"/>
						<line number="44" hits="2" branch="false"/>
						<line number="55" hits="0" branch="false"/>
						<line number="56" hits="0" branch="false"/>
						<line number="57" hits="0" branch="false"/>
						<line number="70" hits="3501" branch="true" condition-coverage="50% (1/2)">
							<conditions>
								<condition number="0" type="jump" coverage="50%"/>
							</conditions>
						</line>
						<line number="71" hits="3501" branch="false"/>
						<line number="72" hits="3501" branch="false"/>
						<line number="73" hits="0" branch="false"/>
						<line number="75" hits="3501" branch="false"/>
						<line number="86" hits="1" branch="false"/>
						<line number="87" hits="1" branch="false"/>
						<line number="88" hits="1" branch="false"/>
						<line number="99" hits="1" branch="false"/>
						<line number="100" hits="1" branch="false"/>
						<line number="101" hits="1" branch="false"/>
						<line number="112" hits="1" branch="false"/>
						<line number="113" hits="1" branch="false"/>
						<line number="114" hits="1" branch="false"/>
						<line number="125" hits="1" branch="false"/>
						<line number="126" hits="1" branch="false"/>
						<line number="127" hits="1" branch="false"/>
						<line number="138" hits="1" branch="false"/>
						<line number="139" hits="1" branch="false"/>
						<line number="140" hits="1" branch="false"/>
						<line number="151" hits="1" branch="false"/>
						<line number="152" hits="1" branch="false"/>
						<line number="153" hits="1" branch="false"/>
						<line number="156" hits="1" branch="false"/>
						<line number="157" hits="1" branch="false"/>
						<line number="158" hits="1" branch="false"/>
						<line number="172" hits="6952" branch="false"/>
						<line number="173" hits="17284" branch="true" condition-coverage="100% (2/2)">
							<conditions>
								<condition number="0" type="jump" coverage="100%"/>
							</conditions>
						</line>
						<line number="174" hits="10332" branch="true" condition-coverage="100% (2/2)">
							<conditions>
								<condition number="0" type="jump" coverage="100%"/>
							</conditions>
						</line>
						<line number="175" hits="3429" branch="false"/>
						<line number="179" hits="3476" branch="false"/>
						<line number="190" hits="74836" branch="false"/>
						<line number="191" hits="37418" branch="false"/>
						<line number="193" hits="37418" branch="false"/>
						<line number="204" hits="100464" branch="false"/>
						<line number="205" hits="50232" branch="false"/>
						<line number="207" hits="50232" branch="false"/>
						<line number="218" hits="101179" branch="true" condition-coverage="50% (1/2)">
							<conditions>
								<condition number="0" type="jump" coverage="50%"/>
							</conditions>
						</line>
						<line number="219" hits="202358" branch="false"/>
						<line number="220" hits="65796754" branch="true" condition-coverage="100% (2/2)">
							<conditions>
								<condition number="0" type="jump" coverage="100%"/>
							</conditions>
						</line>
						<line number="221" hits="65594396" branch="false"/>
						<line number="225" hits="101179" branch="false"/>
						<line number="234" hits="0" branch="false"/>
						<line number="235" hits="0" branch="false"/>
					</lines>
				</class>
				<class name="Server.ServerMain" filename="Server/ServerMain.java" line-rate="0.0" branch-rate="0.0" complexity="6.0">
					<methods>
						<method name="main" signature="([Ljava/lang/String;)V" line-rate="0.0" branch-rate="0.0">
							<lines>
								<line number="27" hits="0" branch="true" condition-coverage="0% (0/4)">
									<conditions>
										<condition number="0" type="jump" coverage="0%"/>
										<condition number="1" type="jump" coverage="0%"/>
									</conditions>
								</line>
								<line number="28" hits="0" branch="false"/>
								<line number="29" hits="0" branch="false"/>
								<line number="30" hits="0" branch="false"/>
								<line number="31" hits="0" branch="false"/>
								<line number="32" hits="0" branch="false"/>
								<line number="33" hits="0" branch="true" condition-coverage="0% (0/4)">
									<conditions>
										<condition number="0" type="jump" coverage="0%"/>
										<condition number="1" type="jump" coverage="0%"/>
									</conditions>
								</line>
								<line number="34" hits="0" branch="false"/>
								<line number="35" hits="0" branch="false"/>
								<line number="36" hits="0" branch="false"/>
								<line number="37" hits="0" branch="false"/>
								<line number="40" hits="0" branch="false"/>
								<line number="41" hits="0" branch="false"/>
								<line number="43" hits="0" branch="false"/>
							</lines>
						</method>
					</methods>
					<lines>
						<line number="27" hits="0" branch="true" condition-coverage="0% (0/4)">
							<conditions>
								<condition number="0" type="jump" coverage="0%"/>
								<condition number="1" type="jump" coverage="0%"/>
							</conditions>
						</line>
						<line number="28" hits="0" branch="false"/>
						<line number="29" hits="0" branch="false"/>
						<line number="30" hits="0" branch="false"/>
						<line number="31" hits="0" branch="false"/>
						<line number="32" hits="0" branch="false"/>
						<line number="33" hits="0" branch="true" condition-coverage="0% (0/4)">
							<conditions>
								<condition number="0" type="jump" coverage="0%"/>
								<condition number="1" type="jump" coverage="0%"/>
							</conditions>
						</line>
						<line number="34" hits="0" branch="false"/>
						<line number="35" hits="0" branch="false"/>
						<line number="36" hits="0" branch="false"/>
						<line number="37" hits="0" branch="false"/>
						<line number="40" hits="0" branch="false"/>
						<line number="41" hits="0" branch="false"/>
						<line number="43" hits="0" branch="false"/>
					</lines>
				</class>
			</classes>
		</package>
	</packages>
</coverage>
