<?xml version="1.0" encoding="UTF-8" ?>
<testsuites>
  <testsuite errors="0" failures="0" hostname="desktop-pc" id="0" name="ClientInGameHeartsTest" package="Client" skipped="0" tests="8" time="0.153" timestamp="2014-01-13T21:44:29">
      <properties>
[...]
</properties>

      <testcase classname="Client.ClientInGameHeartsTest" name="openChooseCardsWindowTest" time="0.049" />

      <testcase classname="Client.ClientInGameHeartsTest" name="clientQuitTest" time="0.001" />

      <testcase classname="Client.ClientInGameHeartsTest" name="receiveComRulesetArgumentNullMessageTest1" time="0.0" />

      <testcase classname="Client.ClientInGameHeartsTest" name="receiveComRulesetArgumentNullMessageTest2" time="0.001" />

      <testcase classname="Client.ClientInGameHeartsTest" name="testSendChatMessage" time="0.0" />

      <testcase classname="Client.ClientInGameHeartsTest" name="giveChoosenCardsEmptyListTest" time="0.001" />

      <testcase classname="Client.ClientInGameHeartsTest" name="testReceiveChatMessage" time="0.001" />

      <testcase classname="Client.ClientInGameHeartsTest" name="giveChoosenCardsNullArgumentNullTest" time="0.0" />

      <system-out><![CDATA[]]></system-out>

      <system-err><![CDATA[]]></system-err>

  </testsuite>
  <testsuite errors="0" failures="0" hostname="desktop-pc" id="1" name="ClientInGameLobbyTest" package="Client" skipped="0" tests="16" time="0.176" timestamp="2014-01-13T21:44:31">
      <properties>
[...]
</properties>

      <testcase classname="Client.ClientInGameLobbyTest" name="receiveComStartGameArgumentNullTest" time="0.038" />

      <testcase classname="Client.ClientInGameLobbyTest" name="kickPlayerArgumentEmptyTest" time="0.0" />

      <testcase classname="Client.ClientInGameLobbyTest" name="playerListUpdateTest" time="0.001" />

      <testcase classname="Client.ClientInGameLobbyTest" name="playerlistUpdateArgumentNullTest" time="0.0" />

      <testcase classname="Client.ClientInGameLobbyTest" name="testSendChatMessage" time="0.0" />

      <testcase classname="Client.ClientInGameLobbyTest" name="addPlayerToListTwiceTest" time="0.0" />

      <testcase classname="Client.ClientInGameLobbyTest" name="startGameHeartsTest" time="0.01" />

      <testcase classname="Client.ClientInGameLobbyTest" name="returnToLobbyTest" time="0.001" />

      <testcase classname="Client.ClientInGameLobbyTest" name="kickPlayerArgumentNullTest" time="0.0" />

      <testcase classname="Client.ClientInGameLobbyTest" name="corruptPlayerListUpdateTest1" time="0.0" />

      <testcase classname="Client.ClientInGameLobbyTest" name="corruptPlayerListUpdateTest2" time="0.0" />

      <testcase classname="Client.ClientInGameLobbyTest" name="startGameReceiveMessageArgumentNullTest" time="0.0" />

      <testcase classname="Client.ClientInGameLobbyTest" name="testReceiveChatMessage" time="0.0" />

      <testcase classname="Client.ClientInGameLobbyTest" name="removePlayerFromListTwiceTest" time="0.0" />

      <testcase classname="Client.ClientInGameLobbyTest" name="startGameWizardTest" time="0.002" />

      <testcase classname="Client.ClientInGameLobbyTest" name="kickPlayerTest" time="0.002" />

      <system-out><![CDATA[]]></system-out>

      <system-err><![CDATA[]]></system-err>

  </testsuite>
  <testsuite errors="0" failures="0" hostname="desktop-pc" id="2" name="ClientInGameWizardTest" package="Client" skipped="0" tests="10" time="0.153" timestamp="2014-01-13T21:44:33">
      <properties>
[...]
</properties>

      <testcase classname="Client.ClientInGameWizardTest" name="openInputNumberWindowTest" time="0.048" />

      <testcase classname="Client.ClientInGameWizardTest" name="receiveComRulesetArgumentNullMessageTest1" time="0.0" />

      <testcase classname="Client.ClientInGameWizardTest" name="receiveComRulesetArgumentNullMessageTest2" time="0.001" />

      <testcase classname="Client.ClientInGameWizardTest" name="testSendChatMessage" time="0.001" />

      <testcase classname="Client.ClientInGameWizardTest" name="getColoursToChooseFromTest" time="0.001" />

      <testcase classname="Client.ClientInGameWizardTest" name="giveColourSelectionTest" time="0.001" />

      <testcase classname="Client.ClientInGameWizardTest" name="testReceiveChatMessage" time="0.0" />

      <testcase classname="Client.ClientInGameWizardTest" name="giveColourSelectionNullTest" time="0.001" />

      <testcase classname="Client.ClientInGameWizardTest" name="getTrumpColourTest" time="0.0" />

      <testcase classname="Client.ClientInGameWizardTest" name="openChooseColourWindowTest" time="0.0" />

      <system-out><![CDATA[]]></system-out>

      <system-err><![CDATA[]]></system-err>

  </testsuite>
  <testsuite errors="0" failures="0" hostname="desktop-pc" id="3" name="ClientInServerLobbyTest" package="Client" skipped="0" tests="36" time="0.196" timestamp="2014-01-13T21:44:35">
      <properties>
[...]
</properties>

      <testcase classname="Client.ClientInServerLobbyTest" name="getPlayerNameTest" time="0.036" />

      <testcase classname="Client.ClientInServerLobbyTest" name="wrongClientStateExceptionReturnToLobbyTest" time="0.0" />

      <testcase classname="Client.ClientInServerLobbyTest" name="enterGameLobbyArgumentNullTest" time="0.001" />

      <testcase classname="Client.ClientInServerLobbyTest" name="joinGameEmptyNameTest" time="0.0" />

      <testcase classname="Client.ClientInServerLobbyTest" name="testSendChatMessageNull" time="0.0" />

      <testcase classname="Client.ClientInServerLobbyTest" name="testReceiveChatMessageNull" time="0.0" />

      <testcase classname="Client.ClientInServerLobbyTest" name="testSendChatMessageEmpty" time="0.0" />

      <testcase classname="Client.ClientInServerLobbyTest" name="initLobbyPlayerlistEmptyTest" time="0.0" />

      <testcase classname="Client.ClientInServerLobbyTest" name="wrongClientStateExceptionsTest3" time="0.0" />

      <testcase classname="Client.ClientInServerLobbyTest" name="wrongClientStateExceptionsTest4" time="0.0" />

      <testcase classname="Client.ClientInServerLobbyTest" name="initLobbyGamelistNullTest" time="0.0" />

      <testcase classname="Client.ClientInServerLobbyTest" name="playerlistUpdateArgumentNullTest" time="0.0" />

      <testcase classname="Client.ClientInServerLobbyTest" name="joinGameNegativTest" time="0.003" />

      <testcase classname="Client.ClientInServerLobbyTest" name="receiveGameLobbyInitWrongStateTest" time="0.001" />

      <testcase classname="Client.ClientInServerLobbyTest" name="hostGameInconsistentArguments1Test" time="0.0" />

      <testcase classname="Client.ClientInServerLobbyTest" name="hostGameInconsistentArguments2Test" time="0.002" />

      <testcase classname="Client.ClientInServerLobbyTest" name="testSendChatMessage" time="0.0" />

      <testcase classname="Client.ClientInServerLobbyTest" name="gameListUpdateArgumentNullTest" time="0.001" />

      <testcase classname="Client.ClientInServerLobbyTest" name="addPlayerToListTwiceTest" time="0.001" />

      <testcase classname="Client.ClientInServerLobbyTest" name="initLobbyArgumentNullTest" time="0.0" />

      <testcase classname="Client.ClientInServerLobbyTest" name="testReceiveChatMessageEmpty" time="0.0" />

      <testcase classname="Client.ClientInServerLobbyTest" name="joinGameNameNullTest" time="0.001" />

      <testcase classname="Client.ClientInServerLobbyTest" name="gameListUpdateCorruptedTest" time="0.001" />

      <testcase classname="Client.ClientInServerLobbyTest" name="getGameMasterTest" time="0.001" />

      <testcase classname="Client.ClientInServerLobbyTest" name="hostGameTest" time="0.001" />

      <testcase classname="Client.ClientInServerLobbyTest" name="corruptPlayerListUpdateTest1" time="0.0" />

      <testcase classname="Client.ClientInServerLobbyTest" name="corruptPlayerListUpdateTest2" time="0.0" />

      <testcase classname="Client.ClientInServerLobbyTest" name="getWarningInLobby" time="0.0" />

      <testcase classname="Client.ClientInServerLobbyTest" name="joinGameTest" time="0.001" />

      <testcase classname="Client.ClientInServerLobbyTest" name="hostGameArgumentNullTest" time="0.0" />

      <testcase classname="Client.ClientInServerLobbyTest" name="initLobbyPlayerlistNullTest" time="0.0" />

      <testcase classname="Client.ClientInServerLobbyTest" name="testReceiveChatMessage" time="0.0" />

      <testcase classname="Client.ClientInServerLobbyTest" name="removePlayerFromListTwiceTest" time="0.0" />

      <testcase classname="Client.ClientInServerLobbyTest" name="enterGameLobbyPlayerlistEmptyTest" time="0.0" />

      <testcase classname="Client.ClientInServerLobbyTest" name="enterGameLobbyPlayerlistNullTest" time="0.0" />

      <testcase classname="Client.ClientInServerLobbyTest" name="listsUpdateTest" time="0.0" />

      <system-out><![CDATA[]]></system-out>

      <system-err><![CDATA[]]></system-err>

  </testsuite>
  <testsuite errors="0" failures="0" hostname="desktop-pc" id="4" name="ClientLoginTest" package="Client" skipped="0" tests="42" time="0.203" timestamp="2014-01-13T21:44:37">
      <properties>
[...]
</properties>

      <testcase classname="Client.ClientLoginTest" name="wrongClientStateExceptionAnnounceTurnTest" time="0.032" />

      <testcase classname="Client.ClientLoginTest" name="wrongClientStateExceptionReturnToLobbyTest" time="0.0" />

      <testcase classname="Client.ClientLoginTest" name="closeViewTest" time="0.002" />

      <testcase classname="Client.ClientLoginTest" name="loginTestEmptyName" time="0.0" />

      <testcase classname="Client.ClientLoginTest" name="loginTestArgumentsNull" time="0.0" />

      <testcase classname="Client.ClientLoginTest" name="loginTest" time="0.004" />

      <testcase classname="Client.ClientLoginTest" name="openChooseColourIllegalStateTest" time="0.0" />

      <testcase classname="Client.ClientLoginTest" name="wrongClientStateExceptionHostGameTest" time="0.0" />

      <testcase classname="Client.ClientLoginTest" name="loginTestPlayerNull" time="0.0" />

      <testcase classname="Client.ClientLoginTest" name="wrongClientStateExceptionStartGameTest1" time="0.0" />

      <testcase classname="Client.ClientLoginTest" name="wrongClientStateExceptionStartGameTest2" time="0.0" />

      <testcase classname="Client.ClientLoginTest" name="wrongClientStateExceptionJoinGameTest" time="0.0" />

      <testcase classname="Client.ClientLoginTest" name="openChooseCardsIllegalStateTest" time="0.0" />

      <testcase classname="Client.ClientLoginTest" name="wrongClientStateExceptionMakeMoveTest" time="0.0" />

      <testcase classname="Client.ClientLoginTest" name="loginTestServerNull" time="0.0" />

      <testcase classname="Client.ClientLoginTest" name="getWinnerEmptyTest" time="0.002" />

      <testcase classname="Client.ClientLoginTest" name="openWarningArgumentNull" time="0.001" />

      <testcase classname="Client.ClientLoginTest" name="clientQuitTest" time="0.0" />

      <testcase classname="Client.ClientLoginTest" name="setLanguageArgumentNullTest" time="0.0" />

      <testcase classname="Client.ClientLoginTest" name="getAvailableRulesetsTest" time="0.0" />

      <testcase classname="Client.ClientLoginTest" name="wrongClientStateExceptionSendChatTest" time="0.0" />

      <testcase classname="Client.ClientLoginTest" name="closeProgramTest" time="0.0" />

      <testcase classname="Client.ClientLoginTest" name="loginTestEmptyServer" time="0.001" />

      <testcase classname="Client.ClientLoginTest" name="wrongClientStateExceptionReceiveRulesetMessageTest" time="0.001" />

      <testcase classname="Client.ClientLoginTest" name="wrongClientStateExceptionKickPlayerTest" time="0.0" />

      <testcase classname="Client.ClientLoginTest" name="wrongClientStateExceptionGetGameUpdateTest" time="0.001" />

      <testcase classname="Client.ClientLoginTest" name="wrongClientStateExceptionsTest" time="0.001" />

      <testcase classname="Client.ClientLoginTest" name="openNumberInputIllegalStateTest" time="0.0" />

      <testcase classname="Client.ClientLoginTest" name="wrongClientStateExceptionUpdatePlayerlistTest" time="0.0" />

      <testcase classname="Client.ClientLoginTest" name="wrongClientStateExceptionAnnounceWinnerTest" time="0.0" />

      <testcase classname="Client.ClientLoginTest" name="wrongClientStateExceptionVotePlayAgainTest" time="0.0" />

      <testcase classname="Client.ClientLoginTest" name="wrongClientStateExceptionGetColoursToChooseFromTest" time="0.0" />

      <testcase classname="Client.ClientLoginTest" name="wrongClientStateExceptionGetTrumpColourTest" time="0.0" />

      <testcase classname="Client.ClientLoginTest" name="loginTestPortScope" time="0.001" />

      <testcase classname="Client.ClientLoginTest" name="loginTestEmptyArguments" time="0.001" />

      <testcase classname="Client.ClientLoginTest" name="giveInputNumberIllegalStateTest" time="0.0" />

      <testcase classname="Client.ClientLoginTest" name="wrongClientStateExceptionUpdateGameTest" time="0.0" />

      <testcase classname="Client.ClientLoginTest" name="wrongClientStateExceptionGetCardsToChooseFromTest" time="0.0" />

      <testcase classname="Client.ClientLoginTest" name="changeLanguageTest" time="0.0" />

      <testcase classname="Client.ClientLoginTest" name="loginWarningTest" time="0.0" />

      <testcase classname="Client.ClientLoginTest" name="wrongClientStateExceptionReceiveChatTest" time="0.0" />

      <testcase classname="Client.ClientLoginTest" name="wrongClientStateExceptionInitGameLobbyTest" time="0.0" />

      <system-out><![CDATA[]]></system-out>

      <system-err><![CDATA[]]></system-err>

  </testsuite>
  <testsuite errors="0" failures="0" hostname="desktop-pc" id="5" name="ClientModelChatTest" package="Client" skipped="0" tests="2" time="0.124" timestamp="2014-01-13T21:44:38">
      <properties>
[...]
</properties>

      <testcase classname="Client.ClientModelChatTest" name="testSendChatMessage" time="0.035" />

      <testcase classname="Client.ClientModelChatTest" name="testReceiveChatMessage" time="0.001" />

      <system-out><![CDATA[]]></system-out>

      <system-err><![CDATA[]]></system-err>

  </testsuite>
  <testsuite errors="0" failures="0" hostname="desktop-pc" id="6" name="ClientViewTestEnd" package="Ruleset" skipped="0" tests="2" time="1.197" timestamp="2014-01-13T21:44:40">
      <properties>
[...]
</properties>

      <testcase classname="Ruleset.ClientViewTestEnd" name="openScoreWindowTest" time="0.814" />

      <testcase classname="Ruleset.ClientViewTestEnd" name="returnToLobbyTest" time="0.279" />

      <system-out><![CDATA[]]></system-out>

      <system-err><![CDATA[]]></system-err>

  </testsuite>
  <testsuite errors="0" failures="0" hostname="desktop-pc" id="7" name="TestClientHeartsAreValidChoosenCards" package="Ruleset" skipped="0" tests="1" time="0.143" timestamp="2014-01-13T21:44:43">
      <properties>
[...]
</properties>

      <testcase classname="Ruleset.TestClientHeartsAreValidChoosenCards" name="test" time="0.039" />

      <system-out><![CDATA[]]></system-out>

      <system-err><![CDATA[]]></system-err>

  </testsuite>
  <testsuite errors="0" failures="0" hostname="desktop-pc" id="8" name="TestClientHeartsIsValidMove" package="Ruleset" skipped="0" tests="6" time="0.169" timestamp="2014-01-13T21:44:45">
      <properties>
[...]
</properties>

      <testcase classname="Ruleset.TestClientHeartsIsValidMove" name="testBrokenHearts" time="0.038" />

      <testcase classname="Ruleset.TestClientHeartsIsValidMove" name="testIsVaildFirstMove" time="0.001" />

      <testcase classname="Ruleset.TestClientHeartsIsValidMove" name="testOnlyHearts" time="0.002" />

      <testcase classname="Ruleset.TestClientHeartsIsValidMove" name="testPlaySecondCard" time="0.001" />

      <testcase classname="Ruleset.TestClientHeartsIsValidMove" name="testHeartInSecondCircle" time="0.0" />

      <testcase classname="Ruleset.TestClientHeartsIsValidMove" name="testHeartFirstCircle" time="0.001" />

      <system-out><![CDATA[]]></system-out>

      <system-err><![CDATA[]]></system-err>

  </testsuite>
  <testsuite errors="0" failures="0" hostname="desktop-pc" id="9" name="TestClientRulesetIllegalArguments" package="Ruleset" skipped="0" tests="14" time="0.165" timestamp="2014-01-13T21:44:47">
      <properties>
[...]
</properties>

      <testcase classname="Ruleset.TestClientRulesetIllegalArguments" name="testHearts1" time="0.049" />

      <testcase classname="Ruleset.TestClientRulesetIllegalArguments" name="testHearts2" time="0.001" />

      <testcase classname="Ruleset.TestClientRulesetIllegalArguments" name="testHearts3" time="0.001" />

      <testcase classname="Ruleset.TestClientRulesetIllegalArguments" name="testHearts4" time="0.0" />

      <testcase classname="Ruleset.TestClientRulesetIllegalArguments" name="testHearts5" time="0.001" />

      <testcase classname="Ruleset.TestClientRulesetIllegalArguments" name="testHearts6" time="0.0" />

      <testcase classname="Ruleset.TestClientRulesetIllegalArguments" name="testHearts7" time="0.001" />

      <testcase classname="Ruleset.TestClientRulesetIllegalArguments" name="testHearts8" time="0.001" />

      <testcase classname="Ruleset.TestClientRulesetIllegalArguments" name="testWizard1" time="0.001" />

      <testcase classname="Ruleset.TestClientRulesetIllegalArguments" name="testWizard2" time="0.002" />

      <testcase classname="Ruleset.TestClientRulesetIllegalArguments" name="testWizard3" time="0.001" />

      <testcase classname="Ruleset.TestClientRulesetIllegalArguments" name="testWizard4" time="0.0" />

      <testcase classname="Ruleset.TestClientRulesetIllegalArguments" name="testWizard5" time="0.0" />

      <testcase classname="Ruleset.TestClientRulesetIllegalArguments" name="testWizard6" time="0.0" />

      <system-out><![CDATA[]]></system-out>

      <system-err><![CDATA[]]></system-err>

  </testsuite>
  <testsuite errors="0" failures="0" hostname="desktop-pc" id="10" name="TestClientWizardIsValidColour" package="Ruleset" skipped="0" tests="1" time="0.14" timestamp="2014-01-13T21:44:49">
      <properties>
[...]
</properties>

      <testcase classname="Ruleset.TestClientWizardIsValidColour" name="test" time="0.037" />

      <system-out><![CDATA[]]></system-out>

      <system-err><![CDATA[]]></system-err>

  </testsuite>
  <testsuite errors="0" failures="0" hostname="desktop-pc" id="11" name="TestClientWizardIsValidMove" package="Ruleset" skipped="0" tests="7" time="0.161" timestamp="2014-01-13T21:44:51">
      <properties>
[...]
</properties>

      <testcase classname="Ruleset.TestClientWizardIsValidMove" name="testSorcerer" time="0.037" />

      <testcase classname="Ruleset.TestClientWizardIsValidMove" name="testColourInHand" time="0.002" />

      <testcase classname="Ruleset.TestClientWizardIsValidMove" name="testFool" time="0.0" />

      <testcase classname="Ruleset.TestClientWizardIsValidMove" name="testSorcererSecondPlayed" time="0.001" />

      <testcase classname="Ruleset.TestClientWizardIsValidMove" name="testFirstCard" time="0.002" />

      <testcase classname="Ruleset.TestClientWizardIsValidMove" name="testNoColour" time="0.0" />

      <testcase classname="Ruleset.TestClientWizardIsValidMove" name="testFoolOnFool" time="0.001" />

      <system-out><![CDATA[]]></system-out>

      <system-err><![CDATA[]]></system-err>

  </testsuite>
  <testsuite errors="0" failures="0" hostname="desktop-pc" id="12" name="TestClientWizardIsValidNumber" package="Ruleset" skipped="0" tests="1" time="0.139" timestamp="2014-01-13T21:44:53">
      <properties>
[...]
</properties>

      <testcase classname="Ruleset.TestClientWizardIsValidNumber" name="test" time="0.036" />

      <system-out><![CDATA[]]></system-out>

      <system-err><![CDATA[]]></system-err>

  </testsuite>
  <testsuite errors="0" failures="0" hostname="desktop-pc" id="13" name="TestHeartsCalculateTricks" package="Ruleset" skipped="0" tests="3" time="0.147" timestamp="2014-01-13T21:44:54">
      <properties>
[...]
</properties>

      <testcase classname="Ruleset.TestHeartsCalculateTricks" name="testException" time="0.049" />

      <testcase classname="Ruleset.TestHeartsCalculateTricks" name="testNoMoreCards" time="0.007" />

      <testcase classname="Ruleset.TestHeartsCalculateTricks" name="test" time="0.001" />

      <system-out><![CDATA[]]></system-out>

      <system-err><![CDATA[]]></system-err>

  </testsuite>
  <testsuite errors="0" failures="0" hostname="desktop-pc" id="14" name="TestHeartsIsValidMove" package="Ruleset" skipped="0" tests="5" time="0.149" timestamp="2014-01-13T21:44:56">
      <properties>
[...]
</properties>

      <testcase classname="Ruleset.TestHeartsIsValidMove" name="testSecondRound" time="0.052" />

      <testcase classname="Ruleset.TestHeartsIsValidMove" name="testPikToKreuzWithOtherKreuzLeft" time="0.0" />

      <testcase classname="Ruleset.TestHeartsIsValidMove" name="testIsValidFirstMove" time="0.001" />

      <testcase classname="Ruleset.TestHeartsIsValidMove" name="testCaroToKreuz" time="0.0" />

      <testcase classname="Ruleset.TestHeartsIsValidMove" name="testHerzToKreuz" time="0.0" />

      <system-out><![CDATA[]]></system-out>

      <system-err><![CDATA[]]></system-err>

  </testsuite>
  <testsuite errors="0" failures="0" hostname="desktop-pc" id="15" name="TestHeartsIsValidMoveOnly" package="Ruleset" skipped="0" tests="2" time="0.135" timestamp="2014-01-13T21:44:58">
      <properties>
[...]
</properties>

      <testcase classname="Ruleset.TestHeartsIsValidMoveOnly" name="testFirstRoundOnlyHearts" time="0.047" />

      <testcase classname="Ruleset.TestHeartsIsValidMoveOnly" name="testIsValidFirstMove" time="0.0" />

      <system-out><![CDATA[]]></system-out>

      <system-err><![CDATA[]]></system-err>

  </testsuite>
  <testsuite errors="0" failures="0" hostname="desktop-pc" id="16" name="TestHeartsResolveMsgCard" package="Ruleset" skipped="0" tests="8" time="1.659" timestamp="2014-01-13T21:45:00">
      <properties>
[...]
</properties>

      <testcase classname="Ruleset.TestHeartsResolveMsgCard" name="testUnvalidMove" time="0.052" />

      <testcase classname="Ruleset.TestHeartsResolveMsgCard" name="testWrongPlayer" time="0.0" />

      <testcase classname="Ruleset.TestHeartsResolveMsgCard" name="testWrongState" time="0.001" />

      <testcase classname="Ruleset.TestHeartsResolveMsgCard" name="testCardNotInHand" time="0.0" />

      <testcase classname="Ruleset.TestHeartsResolveMsgCard" name="testWrongCard" time="0.002" />

      <testcase classname="Ruleset.TestHeartsResolveMsgCard" name="testFullDiscardPile" time="0.001" />

      <testcase classname="Ruleset.TestHeartsResolveMsgCard" name="testResolveMessageMsgCardString" time="0.002" />

      <testcase classname="Ruleset.TestHeartsResolveMsgCard" name="testResolveMessageMsgCardString2" time="1.501" />

      <system-out><![CDATA[]]></system-out>

      <system-err><![CDATA[]]></system-err>

  </testsuite>
  <testsuite errors="0" failures="0" hostname="desktop-pc" id="17" name="TestHeartsResolveMultiCard" package="Ruleset" skipped="0" tests="4" time="0.147" timestamp="2014-01-13T21:45:03">
      <properties>
[...]
</properties>

      <testcase classname="Ruleset.TestHeartsResolveMultiCard" name="test" time="0.053" />

      <testcase classname="Ruleset.TestHeartsResolveMultiCard" name="unValidCards1" time="0.002" />

      <testcase classname="Ruleset.TestHeartsResolveMultiCard" name="unValidCards2" time="0.001" />

      <testcase classname="Ruleset.TestHeartsResolveMultiCard" name="unValidCards3" time="0.0" />

      <system-out><![CDATA[]]></system-out>

      <system-err><![CDATA[]]></system-err>

  </testsuite>
  <testsuite errors="0" failures="0" hostname="desktop-pc" id="18" name="TestHeartsRoundEnd" package="Ruleset" skipped="0" tests="4" time="0.149" timestamp="2014-01-13T21:45:05">
      <properties>
[...]
</properties>

      <testcase classname="Ruleset.TestHeartsRoundEnd" name="roundEndAllPoints" time="0.054" />

      <testcase classname="Ruleset.TestHeartsRoundEnd" name="roundEnd" time="0.0" />

      <testcase classname="Ruleset.TestHeartsRoundEnd" name="testGetWinner" time="0.001" />

      <testcase classname="Ruleset.TestHeartsRoundEnd" name="testGetWinner2" time="0.0" />

      <system-out><![CDATA[]]></system-out>

      <system-err><![CDATA[]]></system-err>

  </testsuite>
  <testsuite errors="0" failures="0" hostname="desktop-pc" id="19" name="TestHeartsStart" package="Ruleset" skipped="0" tests="3" time="0.321" timestamp="2014-01-13T21:45:07">
      <properties>
[...]
</properties>

      <testcase classname="Ruleset.TestHeartsStart" name="rightStart" time="0.054" />

      <testcase classname="Ruleset.TestHeartsStart" name="falseStart" time="0.001" />

      <testcase classname="Ruleset.TestHeartsStart" name="testStartRoundHearts" time="0.175" />

      <system-out><![CDATA[]]></system-out>

      <system-err><![CDATA[]]></system-err>

  </testsuite>
  <testsuite errors="0" failures="0" hostname="desktop-pc" id="20" name="TestHeartsSwap" package="Ruleset" skipped="0" tests="3" time="0.149" timestamp="2014-01-13T21:45:09">
      <properties>
[...]
</properties>

      <testcase classname="Ruleset.TestHeartsSwap" name="swapAcross" time="0.055" />

      <testcase classname="Ruleset.TestHeartsSwap" name="swapRight" time="0.001" />

      <testcase classname="Ruleset.TestHeartsSwap" name="swapLeft" time="0.001" />

      <system-out><![CDATA[]]></system-out>

      <system-err><![CDATA[]]></system-err>

  </testsuite>
  <testsuite errors="0" failures="0" hostname="desktop-pc" id="21" name="TestHeartsWinner" package="Ruleset" skipped="0" tests="1" time="0.142" timestamp="2014-01-13T21:45:11">
      <properties>
[...]
</properties>

      <testcase classname="Ruleset.TestHeartsWinner" name="testGetWinner" time="0.052" />

      <system-out><![CDATA[]]></system-out>

      <system-err><![CDATA[]]></system-err>

  </testsuite>
  <testsuite errors="0" failures="0" hostname="desktop-pc" id="22" name="TestServerRulesetIllegalArgument" package="Ruleset" skipped="0" tests="9" time="0.165" timestamp="2014-01-13T21:45:12">
      <properties>
[...]
</properties>

      <testcase classname="Ruleset.TestServerRulesetIllegalArgument" name="resolveMultiCardRequest" time="0.051" />

      <testcase classname="Ruleset.TestServerRulesetIllegalArgument" name="resolveHeartsMsgNumber" time="0.0" />

      <testcase classname="Ruleset.TestServerRulesetIllegalArgument" name="resolveCardRequest" time="0.001" />

      <testcase classname="Ruleset.TestServerRulesetIllegalArgument" name="resolveMsgUser" time="0.002" />

      <testcase classname="Ruleset.TestServerRulesetIllegalArgument" name="resolveWizardMsgBoolean" time="0.005" />

      <testcase classname="Ruleset.TestServerRulesetIllegalArgument" name="resolveHeartsMsgSelection" time="0.0" />

      <testcase classname="Ruleset.TestServerRulesetIllegalArgument" name="resolveWizardMsgMultiCards" time="0.001" />

      <testcase classname="Ruleset.TestServerRulesetIllegalArgument" name="resolveMsgNumberRequest" time="0.0" />

      <testcase classname="Ruleset.TestServerRulesetIllegalArgument" name="resolveMsgSelectionRequest" time="0.001" />

      <system-out><![CDATA[]]></system-out>

      <system-err><![CDATA[]]></system-err>

  </testsuite>
  <testsuite errors="0" failures="0" hostname="desktop-pc" id="23" name="TestWizardCalculateTricks" package="Ruleset" skipped="0" tests="5" time="0.152" timestamp="2014-01-13T21:45:14">
      <properties>
[...]
</properties>

      <testcase classname="Ruleset.TestWizardCalculateTricks" name="testCalculateTricks" time="0.053" />

      <testcase classname="Ruleset.TestWizardCalculateTricks" name="testCalculateTricksFourth" time="0.0" />

      <testcase classname="Ruleset.TestWizardCalculateTricks" name="testCalculateTricksSecond" time="0.001" />

      <testcase classname="Ruleset.TestWizardCalculateTricks" name="testCalculateTricksFifth" time="0.0" />

      <testcase classname="Ruleset.TestWizardCalculateTricks" name="testCalculateTricksThird" time="0.0" />

      <system-out><![CDATA[]]></system-out>

      <system-err><![CDATA[]]></system-err>

  </testsuite>
  <testsuite errors="0" failures="0" hostname="desktop-pc" id="24" name="TestWizardIsValidMove" package="Ruleset" skipped="0" tests="10" time="0.152" timestamp="2014-01-13T21:45:16">
      <properties>
[...]
</properties>

      <testcase classname="Ruleset.TestWizardIsValidMove" name="testSorcerer" time="0.047" />

      <testcase classname="Ruleset.TestWizardIsValidMove" name="testRed3OnGreen3" time="0.001" />

      <testcase classname="Ruleset.TestWizardIsValidMove" name="testPlayingSorcerer" time="0.0" />

      <testcase classname="Ruleset.TestWizardIsValidMove" name="testFool" time="0.0" />

      <testcase classname="Ruleset.TestWizardIsValidMove" name="testBlueOnSorcererRedOnFoolBlue" time="0.0" />

      <testcase classname="Ruleset.TestWizardIsValidMove" name="testGreen2OnGreen3" time="0.0" />

      <testcase classname="Ruleset.TestWizardIsValidMove" name="testFirstCard" time="0.0" />

      <testcase classname="Ruleset.TestWizardIsValidMove" name="testNoColour" time="0.0" />

      <testcase classname="Ruleset.TestWizardIsValidMove" name="testFoolOnFool" time="0.0" />

      <testcase classname="Ruleset.TestWizardIsValidMove" name="testFoolBlueOnGreen2OnGreen3" time="0.001" />

      <system-out><![CDATA[]]></system-out>

      <system-err><![CDATA[]]></system-err>

  </testsuite>
  <testsuite errors="0" failures="0" hostname="desktop-pc" id="25" name="TestWizardResolveColour" package="Ruleset" skipped="0" tests="4" time="0.146" timestamp="2014-01-13T21:45:18">
      <properties>
[...]
</properties>

      <testcase classname="Ruleset.TestWizardResolveColour" name="testWrongPlayer" time="0.051" />

      <testcase classname="Ruleset.TestWizardResolveColour" name="testWrongState" time="0.0" />

      <testcase classname="Ruleset.TestWizardResolveColour" name="test" time="0.004" />

      <testcase classname="Ruleset.TestWizardResolveColour" name="testUnvalidColour" time="0.0" />

      <system-out><![CDATA[]]></system-out>

      <system-err><![CDATA[]]></system-err>

  </testsuite>
  <testsuite errors="0" failures="0" hostname="desktop-pc" id="26" name="TestWizardResolveMsgCard" package="Ruleset" skipped="0" tests="8" time="1.655" timestamp="2014-01-13T21:45:20">
      <properties>
[...]
</properties>

      <testcase classname="Ruleset.TestWizardResolveMsgCard" name="testUnvalidMove" time="0.052" />

      <testcase classname="Ruleset.TestWizardResolveMsgCard" name="testWrongPlayer" time="0.001" />

      <testcase classname="Ruleset.TestWizardResolveMsgCard" name="testWrongState" time="0.0" />

      <testcase classname="Ruleset.TestWizardResolveMsgCard" name="testCardNotInHand" time="0.0" />

      <testcase classname="Ruleset.TestWizardResolveMsgCard" name="testWrongCard" time="0.002" />

      <testcase classname="Ruleset.TestWizardResolveMsgCard" name="testFullDiscardPile" time="0.002" />

      <testcase classname="Ruleset.TestWizardResolveMsgCard" name="testResolveMessageMsgCardString" time="0.002" />

      <testcase classname="Ruleset.TestWizardResolveMsgCard" name="testResolveMessageMsgCardString2" time="1.501" />

      <system-out><![CDATA[]]></system-out>

      <system-err><![CDATA[]]></system-err>

  </testsuite>
  <testsuite errors="0" failures="0" hostname="desktop-pc" id="27" name="TestWizardResolveMsgNumber" package="Ruleset" skipped="0" tests="4" time="0.146" timestamp="2014-01-13T21:45:23">
      <properties>
[...]
</properties>

      <testcase classname="Ruleset.TestWizardResolveMsgNumber" name="testWrongPlayer" time="0.051" />

      <testcase classname="Ruleset.TestWizardResolveMsgNumber" name="testWrongState" time="0.001" />

      <testcase classname="Ruleset.TestWizardResolveMsgNumber" name="test" time="0.002" />

      <testcase classname="Ruleset.TestWizardResolveMsgNumber" name="testUnvalidNumber" time="0.0" />

      <system-out><![CDATA[]]></system-out>

      <system-err><![CDATA[]]></system-err>

  </testsuite>
  <testsuite errors="0" failures="0" hostname="desktop-pc" id="28" name="TestWizardRoundEnd" package="Ruleset" skipped="0" tests="2" time="0.142" timestamp="2014-01-13T21:45:25">
      <properties>
[...]
</properties>

      <testcase classname="Ruleset.TestWizardRoundEnd" name="roundEnd" time="0.053" />

      <testcase classname="Ruleset.TestWizardRoundEnd" name="testGetWinner" time="0.001" />

      <system-out><![CDATA[]]></system-out>

      <system-err><![CDATA[]]></system-err>

  </testsuite>
  <testsuite errors="0" failures="0" hostname="desktop-pc" id="29" name="TestWizardStart" package="Ruleset" skipped="0" tests="3" time="0.157" timestamp="2014-01-13T21:45:27">
      <properties>
[...]
</properties>

      <testcase classname="Ruleset.TestWizardStart" name="testFalseStartWizard" time="0.049" />

      <testcase classname="Ruleset.TestWizardStart" name="testStartRoundWizard" time="0.014" />

      <testcase classname="Ruleset.TestWizardStart" name="testStartWizard" time="0.001" />

      <system-out><![CDATA[]]></system-out>

      <system-err><![CDATA[]]></system-err>

  </testsuite>
  <testsuite errors="0" failures="0" hostname="desktop-pc" id="30" name="GameServerCheatTest" package="Server" skipped="0" tests="6" time="0.158" timestamp="2014-01-13T21:45:29">
      <properties>
[...]
</properties>

      <testcase classname="Server.GameServerCheatTest" name="testKickWhenNotGameMaster" time="0.05" />

      <testcase classname="Server.GameServerCheatTest" name="sendLoginTest" time="0.0" />

      <testcase classname="Server.GameServerCheatTest" name="testStartGameWhenNotGameMaster" time="0.001" />

      <testcase classname="Server.GameServerCheatTest" name="sendJoinTest" time="0.0" />

      <testcase classname="Server.GameServerCheatTest" name="sendCreateTest" time="0.001" />

      <testcase classname="Server.GameServerCheatTest" name="testStartGameTwice" time="0.01" />

      <system-out><![CDATA[]]></system-out>

      <system-err><![CDATA[Not the GameMaster!
Das ist die falsche login Methode
Not the GameMaster!
Das ist die falsche join Methode
Das ist die falsche create Methode
Game has already started!
]]></system-err>

  </testsuite>
  <testsuite errors="0" failures="0" hostname="desktop-pc" id="31" name="GameServerDurabilityTest100" package="Server" skipped="0" tests="5" time="0.356" timestamp="2014-01-13T21:45:30">
      <properties>
[...]
</properties>

      <testcase classname="Server.GameServerDurabilityTest100" name="testChat" time="0.102" />

      <testcase classname="Server.GameServerDurabilityTest100" name="test100GameMasterLeave" time="0.06" />

      <testcase classname="Server.GameServerDurabilityTest100" name="test100StartGame" time="0.046" />

      <testcase classname="Server.GameServerDurabilityTest100" name="test300Chat" time="0.037" />

      <testcase classname="Server.GameServerDurabilityTest100" name="test100KickPlayer" time="0.018" />

      <system-out><![CDATA[]]></system-out>

      <system-err><![CDATA[]]></system-err>

  </testsuite>
  <testsuite errors="0" failures="0" hostname="desktop-pc" id="32" name="GameServerDurabilityTest250" package="Server" skipped="0" tests="5" time="0.737" timestamp="2014-01-13T21:45:32">
      <properties>
[...]
</properties>

      <testcase classname="Server.GameServerDurabilityTest250" name="test250KickPlayer" time="0.211" />

      <testcase classname="Server.GameServerDurabilityTest250" name="testChat" time="0.095" />

      <testcase classname="Server.GameServerDurabilityTest250" name="test750Chat" time="0.108" />

      <testcase classname="Server.GameServerDurabilityTest250" name="test250StartGame" time="0.098" />

      <testcase classname="Server.GameServerDurabilityTest250" name="test250GameMasterLeave" time="0.128" />

      <system-out><![CDATA[]]></system-out>

      <system-err><![CDATA[]]></system-err>

  </testsuite>
  <testsuite errors="0" failures="0" hostname="desktop-pc" id="33" name="GameServerDurabilityTest500" package="Server" skipped="0" tests="5" time="2.65" timestamp="2014-01-13T21:45:35">
      <properties>
[...]
</properties>

      <testcase classname="Server.GameServerDurabilityTest500" name="testChat" time="0.448" />

      <testcase classname="Server.GameServerDurabilityTest500" name="test500GameMasterLeave" time="1.023" />

      <testcase classname="Server.GameServerDurabilityTest500" name="test500KickPlayer" time="0.364" />

      <testcase classname="Server.GameServerDurabilityTest500" name="test1500Chat" time="0.372" />

      <testcase classname="Server.GameServerDurabilityTest500" name="test500StartGame" time="0.346" />

      <system-out><![CDATA[]]></system-out>

      <system-err><![CDATA[]]></system-err>

  </testsuite>
  <testsuite errors="0" failures="0" hostname="desktop-pc" id="34" name="GameServerTests" package="Server" skipped="0" tests="13" time="0.18" timestamp="2014-01-13T21:45:39">
      <properties>
[...]
</properties>

      <testcase classname="Server.GameServerTests" name="testClientQuitRunningGame" time="0.052" />

      <testcase classname="Server.GameServerTests" name="testStartGameWithToManyPlayers" time="0.006" />

      <testcase classname="Server.GameServerTests" name="testKickPlayer" time="0.001" />

      <testcase classname="Server.GameServerTests" name="testStartGame" time="0.005" />

      <testcase classname="Server.GameServerTests" name="testKickGameMaster" time="0.0" />

      <testcase classname="Server.GameServerTests" name="testChat" time="0.001" />

      <testcase classname="Server.GameServerTests" name="testClientLeave" time="0.0" />

      <testcase classname="Server.GameServerTests" name="testDisconnectPlayer" time="0.0" />

      <testcase classname="Server.GameServerTests" name="testGameMasterLeave" time="0.001" />

      <testcase classname="Server.GameServerTests" name="testKickPlayerNotInGame" time="0.0" />

      <testcase classname="Server.GameServerTests" name="testNoNewRound" time="0.001" />

      <testcase classname="Server.GameServerTests" name="testStartGameWithToFewPlayers" time="0.002" />

      <testcase classname="Server.GameServerTests" name="testNewRound" time="0.001" />

      <system-out><![CDATA[]]></system-out>

      <system-err><![CDATA[Ruleset.IllegalNumberOfPlayersException: Die Anzahl der Spieler ist:  7
	at Ruleset.ServerWizard.runGame(ServerWizard.java:383)
	at Server.GameServer.receiveMessage(GameServer.java:414)
	at ComObjects.ComStartGame.process(ComStartGame.java:29)
	at test.MockPlayer.injectComObject(MockPlayer.java:27)
	at Server.GameServerTests.testStartGameWithToManyPlayers(GameServerTests.java:364)
	at sun.reflect.NativeMethodAccessorImpl.invoke0(Native Method)
	at sun.reflect.NativeMethodAccessorImpl.invoke(NativeMethodAccessorImpl.java:57)
	at sun.reflect.DelegatingMethodAccessorImpl.invoke(DelegatingMethodAccessorImpl.java:43)
	at java.lang.reflect.Method.invoke(Method.java:606)
	at org.junit.runners.model.FrameworkMethod$1.runReflectiveCall(FrameworkMethod.java:47)
	at org.junit.internal.runners.model.ReflectiveCallable.run(ReflectiveCallable.java:12)
	at org.junit.runners.model.FrameworkMethod.invokeExplosively(FrameworkMethod.java:44)
	at org.junit.internal.runners.statements.InvokeMethod.evaluate(InvokeMethod.java:17)
	at org.junit.internal.runners.statements.RunBefores.evaluate(RunBefores.java:26)
	at org.junit.internal.runners.statements.RunAfters.evaluate(RunAfters.java:27)
	at org.junit.runners.ParentRunner.runLeaf(ParentRunner.java:271)
	at org.junit.runners.BlockJUnit4ClassRunner.runChild(BlockJUnit4ClassRunner.java:70)
	at org.junit.runners.BlockJUnit4ClassRunner.runChild(BlockJUnit4ClassRunner.java:50)
	at org.junit.runners.ParentRunner$3.run(ParentRunner.java:238)
	at org.junit.runners.ParentRunner$1.schedule(ParentRunner.java:63)
	at org.junit.runners.ParentRunner.runChildren(ParentRunner.java:236)
	at org.junit.runners.ParentRunner.access$000(ParentRunner.java:53)
	at org.junit.runners.ParentRunner$2.evaluate(ParentRunner.java:229)
	at org.junit.runners.ParentRunner.run(ParentRunner.java:309)
	at junit.framework.JUnit4TestAdapter.run(JUnit4TestAdapter.java:38)
	at org.apache.tools.ant.taskdefs.optional.junit.JUnitTestRunner.run(JUnitTestRunner.java:532)
	at org.apache.tools.ant.taskdefs.optional.junit.JUnitTestRunner.launch(JUnitTestRunner.java:1165)
	at org.apache.tools.ant.taskdefs.optional.junit.JUnitTestRunner.main(JUnitTestRunner.java:1016)
Ruleset.IllegalNumberOfPlayersException: Die Anzahl der Spieler ist:  2
	at Ruleset.ServerWizard.runGame(ServerWizard.java:383)
	at Server.GameServer.receiveMessage(GameServer.java:414)
	at ComObjects.ComStartGame.process(ComStartGame.java:29)
	at test.MockPlayer.injectComObject(MockPlayer.java:27)
	at Server.GameServerTests.testStartGameWithToFewPlayers(GameServerTests.java:444)
	at sun.reflect.NativeMethodAccessorImpl.invoke0(Native Method)
	at sun.reflect.NativeMethodAccessorImpl.invoke(NativeMethodAccessorImpl.java:57)
	at sun.reflect.DelegatingMethodAccessorImpl.invoke(DelegatingMethodAccessorImpl.java:43)
	at java.lang.reflect.Method.invoke(Method.java:606)
	at org.junit.runners.model.FrameworkMethod$1.runReflectiveCall(FrameworkMethod.java:47)
	at org.junit.internal.runners.model.ReflectiveCallable.run(ReflectiveCallable.java:12)
	at org.junit.runners.model.FrameworkMethod.invokeExplosively(FrameworkMethod.java:44)
	at org.junit.internal.runners.statements.InvokeMethod.evaluate(InvokeMethod.java:17)
	at org.junit.internal.runners.statements.RunBefores.evaluate(RunBefores.java:26)
	at org.junit.internal.runners.statements.RunAfters.evaluate(RunAfters.java:27)
	at org.junit.runners.ParentRunner.runLeaf(ParentRunner.java:271)
	at org.junit.runners.BlockJUnit4ClassRunner.runChild(BlockJUnit4ClassRunner.java:70)
	at org.junit.runners.BlockJUnit4ClassRunner.runChild(BlockJUnit4ClassRunner.java:50)
	at org.junit.runners.ParentRunner$3.run(ParentRunner.java:238)
	at org.junit.runners.ParentRunner$1.schedule(ParentRunner.java:63)
	at org.junit.runners.ParentRunner.runChildren(ParentRunner.java:236)
	at org.junit.runners.ParentRunner.access$000(ParentRunner.java:53)
	at org.junit.runners.ParentRunner$2.evaluate(ParentRunner.java:229)
	at org.junit.runners.ParentRunner.run(ParentRunner.java:309)
	at junit.framework.JUnit4TestAdapter.run(JUnit4TestAdapter.java:38)
	at org.apache.tools.ant.taskdefs.optional.junit.JUnitTestRunner.run(JUnitTestRunner.java:532)
	at org.apache.tools.ant.taskdefs.optional.junit.JUnitTestRunner.launch(JUnitTestRunner.java:1165)
	at org.apache.tools.ant.taskdefs.optional.junit.JUnitTestRunner.main(JUnitTestRunner.java:1016)
]]></system-err>

  </testsuite>
  <testsuite errors="0" failures="0" hostname="desktop-pc" id="35" name="LobbyCheatTest" package="Server" skipped="0" tests="11" time="0.142" timestamp="2014-01-13T21:45:41">
      <properties>
[...]
</properties>

      <testcase classname="Server.LobbyCheatTest" name="sendStartTest" time="0.027" />

      <testcase classname="Server.LobbyCheatTest" name="sendLoginTest" time="0.001" />

      <testcase classname="Server.LobbyCheatTest" name="createInvalidGameTest2" time="0.002" />

      <testcase classname="Server.LobbyCheatTest" name="createInvalidGameTest3" time="0.0" />

      <testcase classname="Server.LobbyCheatTest" name="createInvalidGameTest4" time="0.0" />

      <testcase classname="Server.LobbyCheatTest" name="sendKickTest" time="0.001" />

      <testcase classname="Server.LobbyCheatTest" name="sendRulesetMessageTest" time="0.001" />

      <testcase classname="Server.LobbyCheatTest" name="joinInexistentGameTest" time="0.002" />

      <testcase classname="Server.LobbyCheatTest" name="createInvalidGameTest" time="0.0" />

      <testcase classname="Server.LobbyCheatTest" name="sendNewRoud" time="0.0" />

      <testcase classname="Server.LobbyCheatTest" name="sendLeaveTest" time="0.001" />

      <system-out><![CDATA[]]></system-out>

      <system-err><![CDATA[Das ist die falsche start Methode
Das ist die falsche login Methode
Password null!
Invalid Input
Password inconsistent!
Das ist die falsche kick Methode
Das ist die falsche ruleset Methode
Unbekanntes Ruleset
Das ist die falsche ruleset Methode
Das ist die falsche Methode
]]></system-err>

  </testsuite>
  <testsuite errors="0" failures="0" hostname="desktop-pc" id="36" name="LobbyDurabilityTest1000" package="Server" skipped="0" tests="5" time="1.477" timestamp="2014-01-13T21:45:43">
      <properties>
[...]
</properties>

      <testcase classname="Server.LobbyDurabilityTest1000" name="testChat" time="0.043" />

      <testcase classname="Server.LobbyDurabilityTest1000" name="test1000JoinGame" time="0.966" />

      <testcase classname="Server.LobbyDurabilityTest1000" name="test1000CreateGame" time="0.137" />

      <testcase classname="Server.LobbyDurabilityTest1000" name="test1000Chat" time="0.157" />

      <testcase classname="Server.LobbyDurabilityTest1000" name="test1000Quit" time="0.078" />

      <system-out><![CDATA[]]></system-out>

      <system-err><![CDATA[]]></system-err>

  </testsuite>
  <testsuite errors="0" failures="0" hostname="desktop-pc" id="37" name="LobbyDurabilityTest2000" package="Server" skipped="0" tests="5" time="5.213" timestamp="2014-01-13T21:45:46">
      <properties>
[...]
</properties>

      <testcase classname="Server.LobbyDurabilityTest2000" name="test2000Chat" time="0.842" />

      <testcase classname="Server.LobbyDurabilityTest2000" name="test2000Quit" time="0.199" />

      <testcase classname="Server.LobbyDurabilityTest2000" name="testChat" time="0.017" />

      <testcase classname="Server.LobbyDurabilityTest2000" name="test2000JoinGame" time="3.466" />

      <testcase classname="Server.LobbyDurabilityTest2000" name="test2000CreateGame" time="0.593" />

      <system-out><![CDATA[]]></system-out>

      <system-err><![CDATA[]]></system-err>

  </testsuite>
  <testsuite errors="0" failures="0" hostname="desktop-pc" id="38" name="LobbyDurabilityTest500" package="Server" skipped="0" tests="5" time="0.449" timestamp="2014-01-13T21:45:53">
      <properties>
[...]
</properties>

      <testcase classname="Server.LobbyDurabilityTest500" name="test500JoinGame" time="0.236" />

      <testcase classname="Server.LobbyDurabilityTest500" name="testChat" time="0.006" />

      <testcase classname="Server.LobbyDurabilityTest500" name="test500CreateGame" time="0.046" />

      <testcase classname="Server.LobbyDurabilityTest500" name="test500Chat" time="0.055" />

      <testcase classname="Server.LobbyDurabilityTest500" name="test500Quit" time="0.013" />

      <system-out><![CDATA[]]></system-out>

      <system-err><![CDATA[]]></system-err>

  </testsuite>
  <testsuite errors="0" failures="0" hostname="desktop-pc" id="39" name="LobbyTest" package="Server" skipped="0" tests="9" time="0.166" timestamp="2014-01-13T21:45:55">
      <properties>
[...]
</properties>

      <testcase classname="Server.LobbyTest" name="testJoinFullGameWizard" time="0.054" />

      <testcase classname="Server.LobbyTest" name="testChat" time="0.001" />

      <testcase classname="Server.LobbyTest" name="testJoinGameWithWrongPassword" time="0.004" />

      <testcase classname="Server.LobbyTest" name="testJoinGameWithPassword" time="0.0" />

      <testcase classname="Server.LobbyTest" name="testJoinGame" time="0.001" />

      <testcase classname="Server.LobbyTest" name="testDisconnectPlayer" time="0.0" />

      <testcase classname="Server.LobbyTest" name="testClientQuit" time="0.0" />

      <testcase classname="Server.LobbyTest" name="testCreateGame" time="0.001" />

      <testcase classname="Server.LobbyTest" name="testJoinFullGameHearts" time="0.001" />

      <system-out><![CDATA[]]></system-out>

      <system-err><![CDATA[]]></system-err>

  </testsuite>
  <testsuite errors="0" failures="0" hostname="desktop-pc" id="40" name="LoginTest" package="Server" skipped="0" tests="1" time="0.12" timestamp="2014-01-13T21:45:57">
      <properties>
[...]
</properties>

      <testcase classname="Server.LoginTest" name="testLogin" time="0.033" />

      <system-out><![CDATA[]]></system-out>

      <system-err><![CDATA[]]></system-err>

  </testsuite>
  <testsuite errors="0" failures="0" hostname="desktop-pc" id="41" name="LoginTestNegativ" package="Server" skipped="0" tests="1" time="0.121" timestamp="2014-01-13T21:45:59">
      <properties>
[...]
</properties>

      <testcase classname="Server.LoginTestNegativ" name="testLoginUsedName" time="0.035" />

      <system-out><![CDATA[]]></system-out>

      <system-err><![CDATA[]]></system-err>

  </testsuite>
</testsuites>
