<?xml version="1.0" encoding="UTF-8" ?>
<testsuite errors="0" failures="0" hostname="desktop-pc" name="Server.GameServerTests" skipped="0" tests="13" time="0.164" timestamp="2014-01-11T23:59:35">
  <properties>
[...]
</properties>
  <testcase classname="Server.GameServerTests" name="testClientQuitRunningGame" time="0.048" />
  <testcase classname="Server.GameServerTests" name="testStartGameWithToManyPlayers" time="0.006" />
  <testcase classname="Server.GameServerTests" name="testKickPlayer" time="0.001" />
  <testcase classname="Server.GameServerTests" name="testStartGame" time="0.005" />
  <testcase classname="Server.GameServerTests" name="testKickGameMaster" time="0.0" />
  <testcase classname="Server.GameServerTests" name="testChat" time="0.001" />
  <testcase classname="Server.GameServerTests" name="testClientLeave" time="0.0" />
  <testcase classname="Server.GameServerTests" name="testDisconnectPlayer" time="0.0" />
  <testcase classname="Server.GameServerTests" name="testGameMasterLeave" time="0.0" />
  <testcase classname="Server.GameServerTests" name="testKickPlayerNotInGame" time="0.001" />
  <testcase classname="Server.GameServerTests" name="testNoNewRound" time="0.0" />
  <testcase classname="Server.GameServerTests" name="testStartGameWithToFewPlayers" time="0.002" />
  <testcase classname="Server.GameServerTests" name="testNewRound" time="0.0" />
  <system-out><![CDATA[]]></system-out>
  <system-err><![CDATA[Ruleset.IllegalNumberOfPlayersException: Die Anzahl der Spieler ist:  7
	at Ruleset.ServerWizard.runGame(ServerWizard.java:383)
	at Server.GameServer.receiveMessage(GameServer.java:414)
	at ComObjects.ComStartGame.process(ComStartGame.java:29)
	at test.MockPlayer.injectComObject(MockPlayer.java:27)
	at Server.GameServerTests.testStartGameWithToManyPlayers(GameServerTests.java:364)
	at sun.reflect.NativeMethodAccessorImpl.invoke0(Native Method)
	at sun.reflect.NativeMethodAccessorImpl.invoke(NativeMethodAccessorImpl.java:57)
	at sun.reflect.DelegatingMethodAccessorImpl.invoke(DelegatingMethodAccessorImpl.java:43)
	at java.lang.reflect.Method.invoke(Method.java:606)
	at org.junit.runners.model.FrameworkMethod$1.runReflectiveCall(FrameworkMethod.java:47)
	at org.junit.internal.runners.model.ReflectiveCallable.run(ReflectiveCallable.java:12)
	at org.junit.runners.model.FrameworkMethod.invokeExplosively(FrameworkMethod.java:44)
	at org.junit.internal.runners.statements.InvokeMethod.evaluate(InvokeMethod.java:17)
	at org.junit.internal.runners.statements.RunBefores.evaluate(RunBefores.java:26)
	at org.junit.internal.runners.statements.RunAfters.evaluate(RunAfters.java:27)
	at org.junit.runners.ParentRunner.runLeaf(ParentRunner.java:271)
	at org.junit.runners.BlockJUnit4ClassRunner.runChild(BlockJUnit4ClassRunner.java:70)
	at org.junit.runners.BlockJUnit4ClassRunner.runChild(BlockJUnit4ClassRunner.java:50)
	at org.junit.runners.ParentRunner$3.run(ParentRunner.java:238)
	at org.junit.runners.ParentRunner$1.schedule(ParentRunner.java:63)
	at org.junit.runners.ParentRunner.runChildren(ParentRunner.java:236)
	at org.junit.runners.ParentRunner.access$000(ParentRunner.java:53)
	at org.junit.runners.ParentRunner$2.evaluate(ParentRunner.java:229)
	at org.junit.runners.ParentRunner.run(ParentRunner.java:309)
	at junit.framework.JUnit4TestAdapter.run(JUnit4TestAdapter.java:38)
	at org.apache.tools.ant.taskdefs.optional.junit.JUnitTestRunner.run(JUnitTestRunner.java:532)
	at org.apache.tools.ant.taskdefs.optional.junit.JUnitTestRunner.launch(JUnitTestRunner.java:1165)
	at org.apache.tools.ant.taskdefs.optional.junit.JUnitTestRunner.main(JUnitTestRunner.java:1016)
Ruleset.IllegalNumberOfPlayersException: Die Anzahl der Spieler ist:  2
	at Ruleset.ServerWizard.runGame(ServerWizard.java:383)
	at Server.GameServer.receiveMessage(GameServer.java:414)
	at ComObjects.ComStartGame.process(ComStartGame.java:29)
	at test.MockPlayer.injectComObject(MockPlayer.java:27)
	at Server.GameServerTests.testStartGameWithToFewPlayers(GameServerTests.java:444)
	at sun.reflect.NativeMethodAccessorImpl.invoke0(Native Method)
	at sun.reflect.NativeMethodAccessorImpl.invoke(NativeMethodAccessorImpl.java:57)
	at sun.reflect.DelegatingMethodAccessorImpl.invoke(DelegatingMethodAccessorImpl.java:43)
	at java.lang.reflect.Method.invoke(Method.java:606)
	at org.junit.runners.model.FrameworkMethod$1.runReflectiveCall(FrameworkMethod.java:47)
	at org.junit.internal.runners.model.ReflectiveCallable.run(ReflectiveCallable.java:12)
	at org.junit.runners.model.FrameworkMethod.invokeExplosively(FrameworkMethod.java:44)
	at org.junit.internal.runners.statements.InvokeMethod.evaluate(InvokeMethod.java:17)
	at org.junit.internal.runners.statements.RunBefores.evaluate(RunBefores.java:26)
	at org.junit.internal.runners.statements.RunAfters.evaluate(RunAfters.java:27)
	at org.junit.runners.ParentRunner.runLeaf(ParentRunner.java:271)
	at org.junit.runners.BlockJUnit4ClassRunner.runChild(BlockJUnit4ClassRunner.java:70)
	at org.junit.runners.BlockJUnit4ClassRunner.runChild(BlockJUnit4ClassRunner.java:50)
	at org.junit.runners.ParentRunner$3.run(ParentRunner.java:238)
	at org.junit.runners.ParentRunner$1.schedule(ParentRunner.java:63)
	at org.junit.runners.ParentRunner.runChildren(ParentRunner.java:236)
	at org.junit.runners.ParentRunner.access$000(ParentRunner.java:53)
	at org.junit.runners.ParentRunner$2.evaluate(ParentRunner.java:229)
	at org.junit.runners.ParentRunner.run(ParentRunner.java:309)
	at junit.framework.JUnit4TestAdapter.run(JUnit4TestAdapter.java:38)
	at org.apache.tools.ant.taskdefs.optional.junit.JUnitTestRunner.run(JUnitTestRunner.java:532)
	at org.apache.tools.ant.taskdefs.optional.junit.JUnitTestRunner.launch(JUnitTestRunner.java:1165)
	at org.apache.tools.ant.taskdefs.optional.junit.JUnitTestRunner.main(JUnitTestRunner.java:1016)
]]></system-err>
</testsuite>
